{"C:\\Users\\domdd\\Documents\\GitHub\\algogators\\apps\\algolens-web\\src\\application\\identity\\authService.ts": {"path":"C:\\Users\\domdd\\Documents\\GitHub\\algogators\\apps\\algolens-web\\src\\application\\identity\\authService.ts","all":false,"statementMap":{"1":{"start":{"line":2,"column":0},"end":{"line":2,"column":8}},"9":{"start":{"line":10,"column":0},"end":{"line":10,"column":67}},"11":{"start":{"line":12,"column":0},"end":{"line":12,"column":41}},"12":{"start":{"line":13,"column":0},"end":{"line":13,"column":30}},"13":{"start":{"line":14,"column":0},"end":{"line":14,"column":24}},"14":{"start":{"line":15,"column":0},"end":{"line":15,"column":3}},"16":{"start":{"line":17,"column":0},"end":{"line":17,"column":31}},"17":{"start":{"line":18,"column":0},"end":{"line":18,"column":20}},"18":{"start":{"line":19,"column":0},"end":{"line":19,"column":3}},"20":{"start":{"line":21,"column":0},"end":{"line":21,"column":55}},"21":{"start":{"line":22,"column":0},"end":{"line":22,"column":68}},"22":{"start":{"line":23,"column":0},"end":{"line":23,"column":9}},"23":{"start":{"line":24,"column":0},"end":{"line":24,"column":51}},"25":{"start":{"line":26,"column":0},"end":{"line":26,"column":25}},"26":{"start":{"line":27,"column":0},"end":{"line":27,"column":84}},"27":{"start":{"line":28,"column":0},"end":{"line":28,"column":28}},"28":{"start":{"line":29,"column":0},"end":{"line":29,"column":7}},"30":{"start":{"line":31,"column":0},"end":{"line":31,"column":21}},"34":{"start":{"line":35,"column":0},"end":{"line":35,"column":75}},"35":{"start":{"line":36,"column":0},"end":{"line":36,"column":51}},"36":{"start":{"line":37,"column":0},"end":{"line":37,"column":30}},"37":{"start":{"line":38,"column":0},"end":{"line":38,"column":90}},"38":{"start":{"line":39,"column":0},"end":{"line":39,"column":33}},"39":{"start":{"line":40,"column":0},"end":{"line":40,"column":9}},"41":{"start":{"line":42,"column":0},"end":{"line":42,"column":21}},"42":{"start":{"line":43,"column":0},"end":{"line":43,"column":83}},"44":{"start":{"line":45,"column":0},"end":{"line":45,"column":10}},"45":{"start":{"line":46,"column":0},"end":{"line":46,"column":20}},"46":{"start":{"line":47,"column":0},"end":{"line":47,"column":7}},"49":{"start":{"line":50,"column":0},"end":{"line":50,"column":82}},"50":{"start":{"line":51,"column":0},"end":{"line":51,"column":18}},"51":{"start":{"line":52,"column":0},"end":{"line":52,"column":19}},"52":{"start":{"line":53,"column":0},"end":{"line":53,"column":86}},"53":{"start":{"line":54,"column":0},"end":{"line":54,"column":18}},"54":{"start":{"line":55,"column":0},"end":{"line":55,"column":5}},"55":{"start":{"line":56,"column":0},"end":{"line":56,"column":3}},"57":{"start":{"line":58,"column":0},"end":{"line":58,"column":70}},"58":{"start":{"line":59,"column":0},"end":{"line":59,"column":50}},"59":{"start":{"line":60,"column":0},"end":{"line":60,"column":67}},"61":{"start":{"line":62,"column":0},"end":{"line":62,"column":9}},"62":{"start":{"line":63,"column":0},"end":{"line":63,"column":55}},"63":{"start":{"line":64,"column":0},"end":{"line":64,"column":52}},"64":{"start":{"line":65,"column":0},"end":{"line":65,"column":18}},"65":{"start":{"line":66,"column":0},"end":{"line":66,"column":21}},"66":{"start":{"line":67,"column":0},"end":{"line":67,"column":74}},"67":{"start":{"line":68,"column":0},"end":{"line":68,"column":87}},"68":{"start":{"line":69,"column":0},"end":{"line":69,"column":115}},"69":{"start":{"line":70,"column":0},"end":{"line":70,"column":7}},"70":{"start":{"line":71,"column":0},"end":{"line":71,"column":18}},"71":{"start":{"line":72,"column":0},"end":{"line":72,"column":5}},"72":{"start":{"line":73,"column":0},"end":{"line":73,"column":3}},"74":{"start":{"line":75,"column":0},"end":{"line":75,"column":24}},"75":{"start":{"line":76,"column":0},"end":{"line":76,"column":18}},"76":{"start":{"line":77,"column":0},"end":{"line":77,"column":21}},"77":{"start":{"line":78,"column":0},"end":{"line":78,"column":22}},"78":{"start":{"line":79,"column":0},"end":{"line":79,"column":20}},"79":{"start":{"line":80,"column":0},"end":{"line":80,"column":20}},"80":{"start":{"line":81,"column":0},"end":{"line":81,"column":56}},"81":{"start":{"line":82,"column":0},"end":{"line":82,"column":70}},"83":{"start":{"line":84,"column":0},"end":{"line":84,"column":9}},"84":{"start":{"line":85,"column":0},"end":{"line":85,"column":79}},"85":{"start":{"line":86,"column":0},"end":{"line":86,"column":59}},"86":{"start":{"line":87,"column":0},"end":{"line":87,"column":18}},"87":{"start":{"line":88,"column":0},"end":{"line":88,"column":21}},"88":{"start":{"line":89,"column":0},"end":{"line":89,"column":74}},"89":{"start":{"line":90,"column":0},"end":{"line":90,"column":90}},"90":{"start":{"line":91,"column":0},"end":{"line":91,"column":115}},"91":{"start":{"line":92,"column":0},"end":{"line":92,"column":7}},"92":{"start":{"line":93,"column":0},"end":{"line":93,"column":18}},"93":{"start":{"line":94,"column":0},"end":{"line":94,"column":5}},"94":{"start":{"line":95,"column":0},"end":{"line":95,"column":3}},"96":{"start":{"line":97,"column":0},"end":{"line":97,"column":40}},"97":{"start":{"line":98,"column":0},"end":{"line":98,"column":50}},"98":{"start":{"line":99,"column":0},"end":{"line":99,"column":9}},"101":{"start":{"line":102,"column":0},"end":{"line":102,"column":28}},"102":{"start":{"line":103,"column":0},"end":{"line":103,"column":19}},"103":{"start":{"line":104,"column":0},"end":{"line":104,"column":94}},"104":{"start":{"line":105,"column":0},"end":{"line":105,"column":15}},"105":{"start":{"line":106,"column":0},"end":{"line":106,"column":52}},"106":{"start":{"line":107,"column":0},"end":{"line":107,"column":5}},"107":{"start":{"line":108,"column":0},"end":{"line":108,"column":3}},"108":{"start":{"line":109,"column":0},"end":{"line":109,"column":1}}},"s":{"1":1,"9":1,"11":1,"12":1,"13":1,"14":1,"16":1,"17":1,"18":1,"20":1,"21":3,"22":3,"23":3,"25":3,"26":1,"27":1,"28":1,"30":3,"34":0,"35":0,"36":0,"37":0,"38":0,"39":0,"41":0,"42":0,"44":0,"45":0,"46":0,"49":1,"50":1,"51":1,"52":1,"53":1,"54":1,"55":3,"57":1,"58":3,"59":3,"61":3,"62":3,"63":1,"64":1,"65":3,"66":2,"67":1,"68":1,"69":1,"70":1,"71":1,"72":3,"74":1,"75":3,"76":3,"77":3,"78":3,"79":3,"80":3,"81":3,"83":3,"84":3,"85":1,"86":1,"87":3,"88":2,"89":1,"90":1,"91":1,"92":1,"93":1,"94":3,"96":1,"97":2,"98":2,"101":2,"102":1,"103":1,"104":2,"105":2,"106":2,"107":2,"108":1},"branchMap":{"0":{"type":"branch","line":13,"loc":{"start":{"line":13,"column":9},"end":{"line":15,"column":3}},"locations":[{"start":{"line":13,"column":9},"end":{"line":15,"column":3}}]},"1":{"type":"branch","line":17,"loc":{"start":{"line":17,"column":9},"end":{"line":19,"column":3}},"locations":[{"start":{"line":17,"column":9},"end":{"line":19,"column":3}}]},"2":{"type":"branch","line":21,"loc":{"start":{"line":21,"column":2},"end":{"line":56,"column":3}},"locations":[{"start":{"line":21,"column":2},"end":{"line":56,"column":3}}]},"3":{"type":"branch","line":24,"loc":{"start":{"line":24,"column":49},"end":{"line":26,"column":24}},"locations":[{"start":{"line":24,"column":49},"end":{"line":26,"column":24}}]},"4":{"type":"branch","line":26,"loc":{"start":{"line":26,"column":24},"end":{"line":31,"column":20}},"locations":[{"start":{"line":26,"column":24},"end":{"line":31,"column":20}}]},"5":{"type":"branch","line":31,"loc":{"start":{"line":31,"column":20},"end":{"line":47,"column":7}},"locations":[{"start":{"line":31,"column":20},"end":{"line":47,"column":7}}]},"6":{"type":"branch","line":47,"loc":{"start":{"line":47,"column":6},"end":{"line":55,"column":5}},"locations":[{"start":{"line":47,"column":6},"end":{"line":55,"column":5}}]},"7":{"type":"branch","line":58,"loc":{"start":{"line":58,"column":2},"end":{"line":73,"column":3}},"locations":[{"start":{"line":58,"column":2},"end":{"line":73,"column":3}}]},"8":{"type":"branch","line":63,"loc":{"start":{"line":63,"column":53},"end":{"line":66,"column":13}},"locations":[{"start":{"line":63,"column":53},"end":{"line":66,"column":13}}]},"9":{"type":"branch","line":66,"loc":{"start":{"line":66,"column":4},"end":{"line":72,"column":5}},"locations":[{"start":{"line":66,"column":4},"end":{"line":72,"column":5}}]},"10":{"type":"branch","line":67,"loc":{"start":{"line":67,"column":27},"end":{"line":67,"column":73}},"locations":[{"start":{"line":67,"column":27},"end":{"line":67,"column":73}}]},"11":{"type":"branch","line":67,"loc":{"start":{"line":67,"column":73},"end":{"line":72,"column":5}},"locations":[{"start":{"line":67,"column":73},"end":{"line":72,"column":5}}]},"12":{"type":"branch","line":75,"loc":{"start":{"line":75,"column":2},"end":{"line":95,"column":3}},"locations":[{"start":{"line":75,"column":2},"end":{"line":95,"column":3}}]},"13":{"type":"branch","line":85,"loc":{"start":{"line":85,"column":77},"end":{"line":88,"column":13}},"locations":[{"start":{"line":85,"column":77},"end":{"line":88,"column":13}}]},"14":{"type":"branch","line":88,"loc":{"start":{"line":88,"column":4},"end":{"line":94,"column":5}},"locations":[{"start":{"line":88,"column":4},"end":{"line":94,"column":5}}]},"15":{"type":"branch","line":89,"loc":{"start":{"line":89,"column":27},"end":{"line":89,"column":73}},"locations":[{"start":{"line":89,"column":27},"end":{"line":89,"column":73}}]},"16":{"type":"branch","line":89,"loc":{"start":{"line":89,"column":73},"end":{"line":94,"column":5}},"locations":[{"start":{"line":89,"column":73},"end":{"line":94,"column":5}}]},"17":{"type":"branch","line":97,"loc":{"start":{"line":97,"column":2},"end":{"line":108,"column":3}},"locations":[{"start":{"line":97,"column":2},"end":{"line":108,"column":3}}]},"18":{"type":"branch","line":102,"loc":{"start":{"line":102,"column":26},"end":{"line":105,"column":6}},"locations":[{"start":{"line":102,"column":26},"end":{"line":105,"column":6}}]}},"b":{"0":[1],"1":[1],"2":[3],"3":[2],"4":[1],"5":[0],"6":[1],"7":[3],"8":[1],"9":[2],"10":[1],"11":[1],"12":[3],"13":[1],"14":[2],"15":[1],"16":[1],"17":[2],"18":[1]},"fnMap":{"0":{"name":"getApiUrl","decl":{"start":{"line":13,"column":9},"end":{"line":15,"column":3}},"loc":{"start":{"line":13,"column":9},"end":{"line":15,"column":3}},"line":13},"1":{"name":"isDevMode","decl":{"start":{"line":17,"column":9},"end":{"line":19,"column":3}},"loc":{"start":{"line":17,"column":9},"end":{"line":19,"column":3}},"line":17},"2":{"name":"restoreSession","decl":{"start":{"line":21,"column":2},"end":{"line":56,"column":3}},"loc":{"start":{"line":21,"column":2},"end":{"line":56,"column":3}},"line":21},"3":{"name":"login","decl":{"start":{"line":58,"column":2},"end":{"line":73,"column":3}},"loc":{"start":{"line":58,"column":2},"end":{"line":73,"column":3}},"line":58},"4":{"name":"register","decl":{"start":{"line":75,"column":2},"end":{"line":95,"column":3}},"loc":{"start":{"line":75,"column":2},"end":{"line":95,"column":3}},"line":75},"5":{"name":"logout","decl":{"start":{"line":97,"column":2},"end":{"line":108,"column":3}},"loc":{"start":{"line":97,"column":2},"end":{"line":108,"column":3}},"line":97}},"f":{"0":1,"1":1,"2":3,"3":3,"4":3,"5":2}}
,"C:\\Users\\domdd\\Documents\\GitHub\\algogators\\apps\\algolens-web\\src\\application\\portfolio\\portfolioService.ts": {"path":"C:\\Users\\domdd\\Documents\\GitHub\\algogators\\apps\\algolens-web\\src\\application\\portfolio\\portfolioService.ts","all":false,"statementMap":{"2":{"start":{"line":3,"column":0},"end":{"line":3,"column":76}},"4":{"start":{"line":5,"column":0},"end":{"line":5,"column":42}},"5":{"start":{"line":6,"column":0},"end":{"line":6,"column":50}},"6":{"start":{"line":7,"column":0},"end":{"line":7,"column":50}},"7":{"start":{"line":8,"column":0},"end":{"line":8,"column":3}},"9":{"start":{"line":10,"column":0},"end":{"line":10,"column":67}},"10":{"start":{"line":11,"column":0},"end":{"line":11,"column":55}},"11":{"start":{"line":12,"column":0},"end":{"line":12,"column":3}},"13":{"start":{"line":14,"column":0},"end":{"line":14,"column":56}},"14":{"start":{"line":15,"column":0},"end":{"line":15,"column":50}},"15":{"start":{"line":16,"column":0},"end":{"line":16,"column":3}},"17":{"start":{"line":18,"column":0},"end":{"line":18,"column":59}},"18":{"start":{"line":19,"column":0},"end":{"line":19,"column":50}},"19":{"start":{"line":20,"column":0},"end":{"line":20,"column":3}},"21":{"start":{"line":22,"column":0},"end":{"line":22,"column":73}},"22":{"start":{"line":23,"column":0},"end":{"line":23,"column":57}},"23":{"start":{"line":24,"column":0},"end":{"line":24,"column":3}},"25":{"start":{"line":26,"column":0},"end":{"line":26,"column":93}},"26":{"start":{"line":27,"column":0},"end":{"line":27,"column":68}},"27":{"start":{"line":28,"column":0},"end":{"line":28,"column":3}},"28":{"start":{"line":29,"column":0},"end":{"line":29,"column":1}}},"s":{"2":1,"4":1,"5":1,"6":1,"7":1,"9":1,"10":1,"11":1,"13":1,"14":1,"15":1,"17":1,"18":1,"19":1,"21":1,"22":1,"23":1,"25":1,"26":1,"27":1,"28":1},"branchMap":{"0":{"type":"branch","line":6,"loc":{"start":{"line":6,"column":2},"end":{"line":8,"column":3}},"locations":[{"start":{"line":6,"column":2},"end":{"line":8,"column":3}}]},"1":{"type":"branch","line":10,"loc":{"start":{"line":10,"column":2},"end":{"line":12,"column":3}},"locations":[{"start":{"line":10,"column":2},"end":{"line":12,"column":3}}]},"2":{"type":"branch","line":14,"loc":{"start":{"line":14,"column":2},"end":{"line":16,"column":3}},"locations":[{"start":{"line":14,"column":2},"end":{"line":16,"column":3}}]},"3":{"type":"branch","line":18,"loc":{"start":{"line":18,"column":2},"end":{"line":20,"column":3}},"locations":[{"start":{"line":18,"column":2},"end":{"line":20,"column":3}}]},"4":{"type":"branch","line":22,"loc":{"start":{"line":22,"column":2},"end":{"line":24,"column":3}},"locations":[{"start":{"line":22,"column":2},"end":{"line":24,"column":3}}]},"5":{"type":"branch","line":26,"loc":{"start":{"line":26,"column":2},"end":{"line":28,"column":3}},"locations":[{"start":{"line":26,"column":2},"end":{"line":28,"column":3}}]}},"b":{"0":[1],"1":[1],"2":[1],"3":[1],"4":[1],"5":[1]},"fnMap":{"0":{"name":"testConnectivity","decl":{"start":{"line":6,"column":2},"end":{"line":8,"column":3}},"loc":{"start":{"line":6,"column":2},"end":{"line":8,"column":3}},"line":6},"1":{"name":"getStrategy","decl":{"start":{"line":10,"column":2},"end":{"line":12,"column":3}},"loc":{"start":{"line":10,"column":2},"end":{"line":12,"column":3}},"line":10},"2":{"name":"getAllStrategies","decl":{"start":{"line":14,"column":2},"end":{"line":16,"column":3}},"loc":{"start":{"line":14,"column":2},"end":{"line":16,"column":3}},"line":14},"3":{"name":"getPortfolioData","decl":{"start":{"line":18,"column":2},"end":{"line":20,"column":3}},"loc":{"start":{"line":18,"column":2},"end":{"line":20,"column":3}},"line":18},"4":{"name":"getIncubationStrategies","decl":{"start":{"line":22,"column":2},"end":{"line":24,"column":3}},"loc":{"start":{"line":22,"column":2},"end":{"line":24,"column":3}},"line":22},"5":{"name":"getIncubationPerformance","decl":{"start":{"line":26,"column":2},"end":{"line":28,"column":3}},"loc":{"start":{"line":26,"column":2},"end":{"line":28,"column":3}},"line":26}},"f":{"0":1,"1":1,"2":1,"3":1,"4":1,"5":1}}
,"C:\\Users\\domdd\\Documents\\GitHub\\algogators\\apps\\algolens-web\\src\\domain\\identity\\user.ts": {"path":"C:\\Users\\domdd\\Documents\\GitHub\\algogators\\apps\\algolens-web\\src\\domain\\identity\\user.ts","all":false,"statementMap":{"12":{"start":{"line":13,"column":0},"end":{"line":13,"column":60}},"14":{"start":{"line":15,"column":0},"end":{"line":15,"column":63}},"15":{"start":{"line":16,"column":0},"end":{"line":16,"column":49}},"16":{"start":{"line":17,"column":0},"end":{"line":17,"column":1}}},"s":{"12":1,"14":1,"15":8,"16":8},"branchMap":{"0":{"type":"branch","line":15,"loc":{"start":{"line":15,"column":7},"end":{"line":17,"column":1}},"locations":[{"start":{"line":15,"column":7},"end":{"line":17,"column":1}}]},"1":{"type":"branch","line":16,"loc":{"start":{"line":16,"column":9},"end":{"line":16,"column":43}},"locations":[{"start":{"line":16,"column":9},"end":{"line":16,"column":43}}]},"2":{"type":"branch","line":16,"loc":{"start":{"line":16,"column":39},"end":{"line":16,"column":49}},"locations":[{"start":{"line":16,"column":39},"end":{"line":16,"column":49}}]}},"b":{"0":[8],"1":[5],"2":[3]},"fnMap":{"0":{"name":"isInternalRole","decl":{"start":{"line":15,"column":7},"end":{"line":17,"column":1}},"loc":{"start":{"line":15,"column":7},"end":{"line":17,"column":1}},"line":15}},"f":{"0":8}}
,"C:\\Users\\domdd\\Documents\\GitHub\\algogators\\apps\\algolens-web\\src\\domain\\portfolio\\computeCombinedMetrics.ts": {"path":"C:\\Users\\domdd\\Documents\\GitHub\\algogators\\apps\\algolens-web\\src\\domain\\portfolio\\computeCombinedMetrics.ts","all":false,"statementMap":{"47":{"start":{"line":48,"column":0},"end":{"line":48,"column":41}},"48":{"start":{"line":49,"column":0},"end":{"line":49,"column":10}},"49":{"start":{"line":50,"column":0},"end":{"line":50,"column":78}},"50":{"start":{"line":51,"column":0},"end":{"line":51,"column":101}},"51":{"start":{"line":52,"column":0},"end":{"line":52,"column":76}},"52":{"start":{"line":53,"column":0},"end":{"line":53,"column":81}},"53":{"start":{"line":54,"column":0},"end":{"line":54,"column":94}},"54":{"start":{"line":55,"column":0},"end":{"line":55,"column":4}},"55":{"start":{"line":56,"column":0},"end":{"line":56,"column":1}},"57":{"start":{"line":58,"column":0},"end":{"line":58,"column":43}},"58":{"start":{"line":59,"column":0},"end":{"line":59,"column":27}},"59":{"start":{"line":60,"column":0},"end":{"line":60,"column":63}},"60":{"start":{"line":61,"column":0},"end":{"line":61,"column":33}},"61":{"start":{"line":62,"column":0},"end":{"line":62,"column":44}},"62":{"start":{"line":63,"column":0},"end":{"line":63,"column":65}},"63":{"start":{"line":64,"column":0},"end":{"line":64,"column":5}},"65":{"start":{"line":66,"column":0},"end":{"line":66,"column":58}},"66":{"start":{"line":67,"column":0},"end":{"line":67,"column":33}},"67":{"start":{"line":68,"column":0},"end":{"line":68,"column":44}},"68":{"start":{"line":69,"column":0},"end":{"line":69,"column":62}},"69":{"start":{"line":70,"column":0},"end":{"line":70,"column":5}},"71":{"start":{"line":72,"column":0},"end":{"line":72,"column":10}},"72":{"start":{"line":73,"column":0},"end":{"line":73,"column":21}},"73":{"start":{"line":74,"column":0},"end":{"line":74,"column":18}},"74":{"start":{"line":75,"column":0},"end":{"line":75,"column":19}},"75":{"start":{"line":76,"column":0},"end":{"line":76,"column":21}},"76":{"start":{"line":77,"column":0},"end":{"line":77,"column":27}},"77":{"start":{"line":78,"column":0},"end":{"line":78,"column":18}},"78":{"start":{"line":79,"column":0},"end":{"line":79,"column":24}},"79":{"start":{"line":80,"column":0},"end":{"line":80,"column":19}},"80":{"start":{"line":81,"column":0},"end":{"line":81,"column":24}},"81":{"start":{"line":82,"column":0},"end":{"line":82,"column":27}},"82":{"start":{"line":83,"column":0},"end":{"line":83,"column":42}},"83":{"start":{"line":84,"column":0},"end":{"line":84,"column":22}},"84":{"start":{"line":85,"column":0},"end":{"line":85,"column":74}},"85":{"start":{"line":86,"column":0},"end":{"line":86,"column":31}},"86":{"start":{"line":87,"column":0},"end":{"line":87,"column":5}},"87":{"start":{"line":88,"column":0},"end":{"line":88,"column":4}},"88":{"start":{"line":89,"column":0},"end":{"line":89,"column":1}},"100":{"start":{"line":101,"column":0},"end":{"line":101,"column":39}},"101":{"start":{"line":102,"column":0},"end":{"line":102,"column":25}},"102":{"start":{"line":103,"column":0},"end":{"line":103,"column":31}},"103":{"start":{"line":104,"column":0},"end":{"line":104,"column":20}},"104":{"start":{"line":105,"column":0},"end":{"line":105,"column":78}},"106":{"start":{"line":107,"column":0},"end":{"line":107,"column":30}},"107":{"start":{"line":108,"column":0},"end":{"line":108,"column":27}},"108":{"start":{"line":109,"column":0},"end":{"line":109,"column":3}},"110":{"start":{"line":111,"column":0},"end":{"line":111,"column":73}},"111":{"start":{"line":112,"column":0},"end":{"line":112,"column":74}},"112":{"start":{"line":113,"column":0},"end":{"line":113,"column":49}},"113":{"start":{"line":114,"column":0},"end":{"line":114,"column":60}},"116":{"start":{"line":117,"column":0},"end":{"line":117,"column":52}},"117":{"start":{"line":118,"column":0},"end":{"line":118,"column":32}},"118":{"start":{"line":119,"column":0},"end":{"line":119,"column":39}},"119":{"start":{"line":120,"column":0},"end":{"line":120,"column":82}},"120":{"start":{"line":121,"column":0},"end":{"line":121,"column":7}},"121":{"start":{"line":122,"column":0},"end":{"line":122,"column":5}},"124":{"start":{"line":125,"column":0},"end":{"line":125,"column":53}},"125":{"start":{"line":126,"column":0},"end":{"line":126,"column":32}},"126":{"start":{"line":127,"column":0},"end":{"line":127,"column":13}},"127":{"start":{"line":128,"column":0},"end":{"line":128,"column":12}},"128":{"start":{"line":129,"column":0},"end":{"line":129,"column":44}},"129":{"start":{"line":130,"column":0},"end":{"line":130,"column":7}},"130":{"start":{"line":131,"column":0},"end":{"line":131,"column":39}},"133":{"start":{"line":134,"column":0},"end":{"line":134,"column":22}},"134":{"start":{"line":135,"column":0},"end":{"line":135,"column":76}},"135":{"start":{"line":136,"column":0},"end":{"line":136,"column":76}},"136":{"start":{"line":137,"column":0},"end":{"line":137,"column":71}},"138":{"start":{"line":139,"column":0},"end":{"line":139,"column":34}},"139":{"start":{"line":140,"column":0},"end":{"line":140,"column":24}},"140":{"start":{"line":141,"column":0},"end":{"line":141,"column":18}},"141":{"start":{"line":142,"column":0},"end":{"line":142,"column":23}},"142":{"start":{"line":143,"column":0},"end":{"line":143,"column":25}},"143":{"start":{"line":144,"column":0},"end":{"line":144,"column":50}},"144":{"start":{"line":145,"column":0},"end":{"line":145,"column":7}},"145":{"start":{"line":146,"column":0},"end":{"line":146,"column":3}},"148":{"start":{"line":149,"column":0},"end":{"line":149,"column":49}},"149":{"start":{"line":150,"column":0},"end":{"line":150,"column":17}},"150":{"start":{"line":151,"column":0},"end":{"line":151,"column":26}},"151":{"start":{"line":152,"column":0},"end":{"line":152,"column":51}},"152":{"start":{"line":153,"column":0},"end":{"line":153,"column":6}},"157":{"start":{"line":158,"column":0},"end":{"line":158,"column":49}},"158":{"start":{"line":159,"column":0},"end":{"line":159,"column":25}},"159":{"start":{"line":160,"column":0},"end":{"line":160,"column":36}},"160":{"start":{"line":161,"column":0},"end":{"line":161,"column":77}},"161":{"start":{"line":162,"column":0},"end":{"line":162,"column":7}},"162":{"start":{"line":163,"column":0},"end":{"line":163,"column":5}},"163":{"start":{"line":164,"column":0},"end":{"line":164,"column":58}},"164":{"start":{"line":165,"column":0},"end":{"line":165,"column":46}},"165":{"start":{"line":166,"column":0},"end":{"line":166,"column":77}},"167":{"start":{"line":168,"column":0},"end":{"line":168,"column":75}},"168":{"start":{"line":169,"column":0},"end":{"line":169,"column":58}},"169":{"start":{"line":170,"column":0},"end":{"line":170,"column":18}},"170":{"start":{"line":171,"column":0},"end":{"line":171,"column":77}},"171":{"start":{"line":172,"column":0},"end":{"line":172,"column":6}},"174":{"start":{"line":175,"column":0},"end":{"line":175,"column":50}},"175":{"start":{"line":176,"column":0},"end":{"line":176,"column":32}},"176":{"start":{"line":177,"column":0},"end":{"line":177,"column":48}},"177":{"start":{"line":178,"column":0},"end":{"line":178,"column":77}},"178":{"start":{"line":179,"column":0},"end":{"line":179,"column":7}},"179":{"start":{"line":180,"column":0},"end":{"line":180,"column":5}},"182":{"start":{"line":183,"column":0},"end":{"line":183,"column":49}},"183":{"start":{"line":184,"column":0},"end":{"line":184,"column":32}},"184":{"start":{"line":185,"column":0},"end":{"line":185,"column":47}},"188":{"start":{"line":189,"column":0},"end":{"line":189,"column":32}},"189":{"start":{"line":190,"column":0},"end":{"line":190,"column":22}},"190":{"start":{"line":191,"column":0},"end":{"line":191,"column":20}},"191":{"start":{"line":192,"column":0},"end":{"line":192,"column":62}},"192":{"start":{"line":193,"column":0},"end":{"line":193,"column":7}},"193":{"start":{"line":194,"column":0},"end":{"line":194,"column":16}},"196":{"start":{"line":197,"column":0},"end":{"line":197,"column":44}},"197":{"start":{"line":198,"column":0},"end":{"line":198,"column":18}},"198":{"start":{"line":199,"column":0},"end":{"line":199,"column":19}},"199":{"start":{"line":200,"column":0},"end":{"line":200,"column":19}},"200":{"start":{"line":201,"column":0},"end":{"line":201,"column":15}},"201":{"start":{"line":202,"column":0},"end":{"line":202,"column":19}},"202":{"start":{"line":203,"column":0},"end":{"line":203,"column":14}},"203":{"start":{"line":204,"column":0},"end":{"line":204,"column":15}},"204":{"start":{"line":205,"column":0},"end":{"line":205,"column":20}},"205":{"start":{"line":206,"column":0},"end":{"line":206,"column":19}},"206":{"start":{"line":207,"column":0},"end":{"line":207,"column":36}},"207":{"start":{"line":208,"column":0},"end":{"line":208,"column":24}},"208":{"start":{"line":209,"column":0},"end":{"line":209,"column":21}},"209":{"start":{"line":210,"column":0},"end":{"line":210,"column":19}},"210":{"start":{"line":211,"column":0},"end":{"line":211,"column":25}},"211":{"start":{"line":212,"column":0},"end":{"line":212,"column":20}},"212":{"start":{"line":213,"column":0},"end":{"line":213,"column":27}},"213":{"start":{"line":214,"column":0},"end":{"line":214,"column":21}},"214":{"start":{"line":215,"column":0},"end":{"line":215,"column":21}},"215":{"start":{"line":216,"column":0},"end":{"line":216,"column":21}},"216":{"start":{"line":217,"column":0},"end":{"line":217,"column":19}},"217":{"start":{"line":218,"column":0},"end":{"line":218,"column":24}},"218":{"start":{"line":219,"column":0},"end":{"line":219,"column":14}},"219":{"start":{"line":220,"column":0},"end":{"line":220,"column":21}},"220":{"start":{"line":221,"column":0},"end":{"line":221,"column":37}},"221":{"start":{"line":222,"column":0},"end":{"line":222,"column":4}},"223":{"start":{"line":224,"column":0},"end":{"line":224,"column":25}},"224":{"start":{"line":225,"column":0},"end":{"line":225,"column":47}},"226":{"start":{"line":227,"column":0},"end":{"line":227,"column":64}},"227":{"start":{"line":228,"column":0},"end":{"line":228,"column":66}},"228":{"start":{"line":229,"column":0},"end":{"line":229,"column":95}},"229":{"start":{"line":230,"column":0},"end":{"line":230,"column":58}},"230":{"start":{"line":231,"column":0},"end":{"line":231,"column":57}},"231":{"start":{"line":232,"column":0},"end":{"line":232,"column":56}},"232":{"start":{"line":233,"column":0},"end":{"line":233,"column":58}},"233":{"start":{"line":234,"column":0},"end":{"line":234,"column":68}},"234":{"start":{"line":235,"column":0},"end":{"line":235,"column":66}},"235":{"start":{"line":236,"column":0},"end":{"line":236,"column":76}},"236":{"start":{"line":237,"column":0},"end":{"line":237,"column":70}},"237":{"start":{"line":238,"column":0},"end":{"line":238,"column":66}},"238":{"start":{"line":239,"column":0},"end":{"line":239,"column":78}},"239":{"start":{"line":240,"column":0},"end":{"line":240,"column":59}},"240":{"start":{"line":241,"column":0},"end":{"line":241,"column":61}},"241":{"start":{"line":242,"column":0},"end":{"line":242,"column":61}},"242":{"start":{"line":243,"column":0},"end":{"line":243,"column":57}},"243":{"start":{"line":244,"column":0},"end":{"line":244,"column":67}},"244":{"start":{"line":245,"column":0},"end":{"line":245,"column":47}},"245":{"start":{"line":246,"column":0},"end":{"line":246,"column":61}},"246":{"start":{"line":247,"column":0},"end":{"line":247,"column":5}},"248":{"start":{"line":249,"column":0},"end":{"line":249,"column":72}},"249":{"start":{"line":250,"column":0},"end":{"line":250,"column":47}},"250":{"start":{"line":251,"column":0},"end":{"line":251,"column":8}},"251":{"start":{"line":252,"column":0},"end":{"line":252,"column":66}},"252":{"start":{"line":253,"column":0},"end":{"line":253,"column":70}},"253":{"start":{"line":254,"column":0},"end":{"line":254,"column":8}},"257":{"start":{"line":258,"column":0},"end":{"line":258,"column":58}},"258":{"start":{"line":259,"column":0},"end":{"line":259,"column":85}},"259":{"start":{"line":260,"column":0},"end":{"line":260,"column":4}},"260":{"start":{"line":261,"column":0},"end":{"line":261,"column":58}},"261":{"start":{"line":262,"column":0},"end":{"line":262,"column":54}},"262":{"start":{"line":263,"column":0},"end":{"line":263,"column":109}},"263":{"start":{"line":264,"column":0},"end":{"line":264,"column":10}},"264":{"start":{"line":265,"column":0},"end":{"line":265,"column":44}},"265":{"start":{"line":266,"column":0},"end":{"line":266,"column":60}},"266":{"start":{"line":267,"column":0},"end":{"line":267,"column":8}},"269":{"start":{"line":270,"column":0},"end":{"line":270,"column":50}},"270":{"start":{"line":271,"column":0},"end":{"line":271,"column":74}},"271":{"start":{"line":272,"column":0},"end":{"line":272,"column":70}},"272":{"start":{"line":273,"column":0},"end":{"line":273,"column":80}},"275":{"start":{"line":276,"column":0},"end":{"line":276,"column":52}},"276":{"start":{"line":277,"column":0},"end":{"line":277,"column":42}},"277":{"start":{"line":278,"column":0},"end":{"line":278,"column":4}},"283":{"start":{"line":284,"column":0},"end":{"line":284,"column":50}},"284":{"start":{"line":285,"column":0},"end":{"line":285,"column":43}},"287":{"start":{"line":288,"column":0},"end":{"line":288,"column":91}},"288":{"start":{"line":289,"column":0},"end":{"line":289,"column":68}},"290":{"start":{"line":291,"column":0},"end":{"line":291,"column":10}},"291":{"start":{"line":292,"column":0},"end":{"line":292,"column":18}},"292":{"start":{"line":293,"column":0},"end":{"line":293,"column":15}},"293":{"start":{"line":294,"column":0},"end":{"line":294,"column":16}},"294":{"start":{"line":295,"column":0},"end":{"line":295,"column":18}},"295":{"start":{"line":296,"column":0},"end":{"line":296,"column":29}},"296":{"start":{"line":297,"column":0},"end":{"line":297,"column":29}},"297":{"start":{"line":298,"column":0},"end":{"line":298,"column":13}},"298":{"start":{"line":299,"column":0},"end":{"line":299,"column":25}},"299":{"start":{"line":300,"column":0},"end":{"line":300,"column":29}},"300":{"start":{"line":301,"column":0},"end":{"line":301,"column":23}},"301":{"start":{"line":302,"column":0},"end":{"line":302,"column":26}},"302":{"start":{"line":303,"column":0},"end":{"line":303,"column":22}},"303":{"start":{"line":304,"column":0},"end":{"line":304,"column":19}},"304":{"start":{"line":305,"column":0},"end":{"line":305,"column":23}},"305":{"start":{"line":306,"column":0},"end":{"line":306,"column":10}},"306":{"start":{"line":307,"column":0},"end":{"line":307,"column":24}},"307":{"start":{"line":308,"column":0},"end":{"line":308,"column":18}},"308":{"start":{"line":309,"column":0},"end":{"line":309,"column":11}},"309":{"start":{"line":310,"column":0},"end":{"line":310,"column":5}},"310":{"start":{"line":311,"column":0},"end":{"line":311,"column":4}},"311":{"start":{"line":312,"column":0},"end":{"line":312,"column":1}}},"s":{"47":1,"48":1,"49":1,"50":1,"51":1,"52":1,"53":1,"54":1,"55":1,"57":1,"58":1,"59":1,"60":91,"61":91,"62":91,"63":1,"65":1,"66":31,"67":31,"68":31,"69":1,"71":1,"72":1,"73":1,"74":1,"75":1,"76":1,"77":1,"78":1,"79":1,"80":1,"81":1,"82":1,"83":1,"84":1,"85":1,"86":1,"87":1,"88":1,"100":1,"101":9,"102":9,"103":9,"104":9,"106":9,"107":1,"108":1,"110":8,"111":8,"112":8,"113":8,"116":8,"117":8,"118":12,"119":8,"120":12,"121":8,"124":8,"125":8,"126":8,"127":8,"128":8,"129":8,"130":8,"133":8,"134":8,"135":8,"136":8,"138":8,"139":9,"140":1,"141":1,"142":1,"143":1,"144":1,"145":1,"148":8,"149":12,"150":12,"151":12,"152":8,"157":8,"158":8,"159":12,"160":6,"161":12,"162":8,"163":8,"164":8,"165":8,"167":9,"168":9,"169":3,"170":3,"171":9,"174":9,"175":9,"176":12,"177":3,"178":12,"179":9,"182":9,"183":9,"184":9,"188":9,"189":9,"190":3,"191":3,"192":9,"193":9,"196":9,"197":9,"198":9,"199":9,"200":9,"201":9,"202":9,"203":9,"204":9,"205":9,"206":9,"207":9,"208":9,"209":9,"210":9,"211":9,"212":9,"213":9,"214":9,"215":9,"216":9,"217":9,"218":9,"219":9,"220":9,"221":9,"223":9,"224":12,"226":12,"227":12,"228":12,"229":12,"230":12,"231":12,"232":12,"233":12,"234":12,"235":12,"236":12,"237":12,"238":12,"239":12,"240":12,"241":12,"242":12,"243":12,"244":12,"245":12,"246":9,"248":9,"249":0,"250":8,"251":9,"252":0,"253":8,"257":9,"258":3,"259":9,"260":9,"261":9,"262":0,"263":8,"264":9,"265":8,"266":0,"269":9,"270":9,"271":9,"272":9,"275":9,"276":9,"277":9,"283":9,"284":9,"287":9,"288":9,"290":9,"291":9,"292":9,"293":9,"294":9,"295":9,"296":9,"297":9,"298":9,"299":9,"300":9,"301":9,"302":9,"303":9,"304":9,"305":9,"306":9,"307":9,"308":9,"309":9,"310":9,"311":9},"branchMap":{"0":{"type":"branch","line":48,"loc":{"start":{"line":48,"column":0},"end":{"line":56,"column":1}},"locations":[{"start":{"line":48,"column":0},"end":{"line":56,"column":1}}]},"1":{"type":"branch","line":58,"loc":{"start":{"line":58,"column":0},"end":{"line":89,"column":1}},"locations":[{"start":{"line":58,"column":0},"end":{"line":89,"column":1}}]},"2":{"type":"branch","line":60,"loc":{"start":{"line":60,"column":52},"end":{"line":64,"column":3}},"locations":[{"start":{"line":60,"column":52},"end":{"line":64,"column":3}}]},"3":{"type":"branch","line":66,"loc":{"start":{"line":66,"column":47},"end":{"line":70,"column":3}},"locations":[{"start":{"line":66,"column":47},"end":{"line":70,"column":3}}]},"4":{"type":"branch","line":101,"loc":{"start":{"line":101,"column":7},"end":{"line":312,"column":1}},"locations":[{"start":{"line":101,"column":7},"end":{"line":312,"column":1}}]},"5":{"type":"branch","line":107,"loc":{"start":{"line":107,"column":29},"end":{"line":109,"column":3}},"locations":[{"start":{"line":107,"column":29},"end":{"line":109,"column":3}}]},"6":{"type":"branch","line":109,"loc":{"start":{"line":109,"column":2},"end":{"line":140,"column":23}},"locations":[{"start":{"line":109,"column":2},"end":{"line":140,"column":23}}]},"7":{"type":"branch","line":140,"loc":{"start":{"line":140,"column":23},"end":{"line":146,"column":3}},"locations":[{"start":{"line":140,"column":23},"end":{"line":146,"column":3}}]},"8":{"type":"branch","line":146,"loc":{"start":{"line":146,"column":2},"end":{"line":168,"column":48}},"locations":[{"start":{"line":146,"column":2},"end":{"line":168,"column":48}}]},"9":{"type":"branch","line":168,"loc":{"start":{"line":168,"column":44},"end":{"line":168,"column":73}},"locations":[{"start":{"line":168,"column":44},"end":{"line":168,"column":73}}]},"10":{"type":"branch","line":168,"loc":{"start":{"line":168,"column":65},"end":{"line":168,"column":75}},"locations":[{"start":{"line":168,"column":65},"end":{"line":168,"column":75}}]},"11":{"type":"branch","line":249,"loc":{"start":{"line":249,"column":71},"end":{"line":250,"column":47}},"locations":[{"start":{"line":249,"column":71},"end":{"line":250,"column":47}}]},"12":{"type":"branch","line":250,"loc":{"start":{"line":250,"column":35},"end":{"line":251,"column":8}},"locations":[{"start":{"line":250,"column":35},"end":{"line":251,"column":8}}]},"13":{"type":"branch","line":252,"loc":{"start":{"line":252,"column":65},"end":{"line":253,"column":70}},"locations":[{"start":{"line":252,"column":65},"end":{"line":253,"column":70}}]},"14":{"type":"branch","line":253,"loc":{"start":{"line":253,"column":67},"end":{"line":254,"column":8}},"locations":[{"start":{"line":253,"column":67},"end":{"line":254,"column":8}}]},"15":{"type":"branch","line":262,"loc":{"start":{"line":262,"column":53},"end":{"line":263,"column":109}},"locations":[{"start":{"line":262,"column":53},"end":{"line":263,"column":109}}]},"16":{"type":"branch","line":263,"loc":{"start":{"line":263,"column":108},"end":{"line":264,"column":10}},"locations":[{"start":{"line":263,"column":108},"end":{"line":264,"column":10}}]},"17":{"type":"branch","line":265,"loc":{"start":{"line":265,"column":43},"end":{"line":266,"column":60}},"locations":[{"start":{"line":265,"column":43},"end":{"line":266,"column":60}}]},"18":{"type":"branch","line":266,"loc":{"start":{"line":266,"column":42},"end":{"line":267,"column":8}},"locations":[{"start":{"line":266,"column":42},"end":{"line":267,"column":8}}]},"19":{"type":"branch","line":273,"loc":{"start":{"line":273,"column":43},"end":{"line":273,"column":78}},"locations":[{"start":{"line":273,"column":43},"end":{"line":273,"column":78}}]},"20":{"type":"branch","line":273,"loc":{"start":{"line":273,"column":62},"end":{"line":273,"column":80}},"locations":[{"start":{"line":273,"column":62},"end":{"line":273,"column":80}}]},"21":{"type":"branch","line":105,"loc":{"start":{"line":105,"column":37},"end":{"line":105,"column":76}},"locations":[{"start":{"line":105,"column":37},"end":{"line":105,"column":76}}]},"22":{"type":"branch","line":111,"loc":{"start":{"line":111,"column":40},"end":{"line":111,"column":70}},"locations":[{"start":{"line":111,"column":40},"end":{"line":111,"column":70}}]},"23":{"type":"branch","line":112,"loc":{"start":{"line":112,"column":37},"end":{"line":112,"column":71}},"locations":[{"start":{"line":112,"column":37},"end":{"line":112,"column":71}}]},"24":{"type":"branch","line":118,"loc":{"start":{"line":118,"column":19},"end":{"line":122,"column":3}},"locations":[{"start":{"line":118,"column":19},"end":{"line":122,"column":3}}]},"25":{"type":"branch","line":119,"loc":{"start":{"line":119,"column":31},"end":{"line":121,"column":5}},"locations":[{"start":{"line":119,"column":31},"end":{"line":121,"column":5}}]},"26":{"type":"branch","line":126,"loc":{"start":{"line":126,"column":9},"end":{"line":130,"column":6}},"locations":[{"start":{"line":126,"column":9},"end":{"line":130,"column":6}}]},"27":{"type":"branch","line":131,"loc":{"start":{"line":131,"column":10},"end":{"line":131,"column":37}},"locations":[{"start":{"line":131,"column":10},"end":{"line":131,"column":37}}]},"28":{"type":"branch","line":135,"loc":{"start":{"line":135,"column":44},"end":{"line":135,"column":74}},"locations":[{"start":{"line":135,"column":44},"end":{"line":135,"column":74}}]},"29":{"type":"branch","line":136,"loc":{"start":{"line":136,"column":45},"end":{"line":136,"column":74}},"locations":[{"start":{"line":136,"column":45},"end":{"line":136,"column":74}}]},"30":{"type":"branch","line":137,"loc":{"start":{"line":137,"column":41},"end":{"line":137,"column":68}},"locations":[{"start":{"line":137,"column":41},"end":{"line":137,"column":68}}]},"31":{"type":"branch","line":149,"loc":{"start":{"line":149,"column":42},"end":{"line":153,"column":4}},"locations":[{"start":{"line":149,"column":42},"end":{"line":153,"column":4}}]},"32":{"type":"branch","line":159,"loc":{"start":{"line":159,"column":19},"end":{"line":163,"column":3}},"locations":[{"start":{"line":159,"column":19},"end":{"line":163,"column":3}}]},"33":{"type":"branch","line":160,"loc":{"start":{"line":160,"column":29},"end":{"line":162,"column":5}},"locations":[{"start":{"line":160,"column":29},"end":{"line":162,"column":5}}]},"34":{"type":"branch","line":161,"loc":{"start":{"line":161,"column":57},"end":{"line":161,"column":67}},"locations":[{"start":{"line":161,"column":57},"end":{"line":161,"column":67}}]},"35":{"type":"branch","line":165,"loc":{"start":{"line":165,"column":9},"end":{"line":165,"column":45}},"locations":[{"start":{"line":165,"column":9},"end":{"line":165,"column":45}}]},"36":{"type":"branch","line":166,"loc":{"start":{"line":166,"column":10},"end":{"line":166,"column":75}},"locations":[{"start":{"line":166,"column":10},"end":{"line":166,"column":75}}]},"37":{"type":"branch","line":169,"loc":{"start":{"line":169,"column":50},"end":{"line":172,"column":4}},"locations":[{"start":{"line":169,"column":50},"end":{"line":172,"column":4}}]},"38":{"type":"branch","line":171,"loc":{"start":{"line":171,"column":70},"end":{"line":171,"column":77}},"locations":[{"start":{"line":171,"column":70},"end":{"line":171,"column":77}}]},"39":{"type":"branch","line":176,"loc":{"start":{"line":176,"column":19},"end":{"line":180,"column":3}},"locations":[{"start":{"line":176,"column":19},"end":{"line":180,"column":3}}]},"40":{"type":"branch","line":177,"loc":{"start":{"line":177,"column":40},"end":{"line":179,"column":5}},"locations":[{"start":{"line":177,"column":40},"end":{"line":179,"column":5}}]},"41":{"type":"branch","line":178,"loc":{"start":{"line":178,"column":51},"end":{"line":178,"column":61}},"locations":[{"start":{"line":178,"column":51},"end":{"line":178,"column":61}}]},"42":{"type":"branch","line":184,"loc":{"start":{"line":184,"column":10},"end":{"line":184,"column":31}},"locations":[{"start":{"line":184,"column":10},"end":{"line":184,"column":31}}]},"43":{"type":"branch","line":185,"loc":{"start":{"line":185,"column":9},"end":{"line":185,"column":45}},"locations":[{"start":{"line":185,"column":9},"end":{"line":185,"column":45}}]},"44":{"type":"branch","line":190,"loc":{"start":{"line":190,"column":9},"end":{"line":193,"column":6}},"locations":[{"start":{"line":190,"column":9},"end":{"line":193,"column":6}}]},"45":{"type":"branch","line":192,"loc":{"start":{"line":192,"column":17},"end":{"line":192,"column":25}},"locations":[{"start":{"line":192,"column":17},"end":{"line":192,"column":25}}]},"46":{"type":"branch","line":192,"loc":{"start":{"line":192,"column":21},"end":{"line":192,"column":62}},"locations":[{"start":{"line":192,"column":21},"end":{"line":192,"column":62}}]},"47":{"type":"branch","line":224,"loc":{"start":{"line":224,"column":19},"end":{"line":247,"column":3}},"locations":[{"start":{"line":224,"column":19},"end":{"line":247,"column":3}}]},"48":{"type":"branch","line":258,"loc":{"start":{"line":258,"column":49},"end":{"line":259,"column":85}},"locations":[{"start":{"line":258,"column":49},"end":{"line":259,"column":85}}]},"49":{"type":"branch","line":259,"loc":{"start":{"line":259,"column":8},"end":{"line":259,"column":84}},"locations":[{"start":{"line":259,"column":8},"end":{"line":259,"column":84}}]},"50":{"type":"branch","line":259,"loc":{"start":{"line":259,"column":75},"end":{"line":259,"column":85}},"locations":[{"start":{"line":259,"column":75},"end":{"line":259,"column":85}}]},"51":{"type":"branch","line":261,"loc":{"start":{"line":261,"column":46},"end":{"line":261,"column":56}},"locations":[{"start":{"line":261,"column":46},"end":{"line":261,"column":56}}]},"52":{"type":"branch","line":276,"loc":{"start":{"line":276,"column":37},"end":{"line":277,"column":41}},"locations":[{"start":{"line":276,"column":37},"end":{"line":277,"column":41}}]}},"b":{"0":[1],"1":[1],"2":[91],"3":[31],"4":[9],"5":[1],"6":[8],"7":[1],"8":[8],"9":[1],"10":[7],"11":[0],"12":[8],"13":[0],"14":[8],"15":[0],"16":[8],"17":[8],"18":[0],"19":[1],"20":[7],"21":[14],"22":[12],"23":[12],"24":[12],"25":[8],"26":[8],"27":[5],"28":[8],"29":[8],"30":[2],"31":[12],"32":[12],"33":[6],"34":[3],"35":[3],"36":[2],"37":[3],"38":[0],"39":[12],"40":[3],"41":[2],"42":[1],"43":[2],"44":[3],"45":[1],"46":[2],"47":[12],"48":[3],"49":[2],"50":[1],"51":[3],"52":[8]},"fnMap":{"0":{"name":"zeroMetrics","decl":{"start":{"line":48,"column":0},"end":{"line":56,"column":1}},"loc":{"start":{"line":48,"column":0},"end":{"line":56,"column":1}},"line":48},"1":{"name":"emptyCombined","decl":{"start":{"line":58,"column":0},"end":{"line":89,"column":1}},"loc":{"start":{"line":58,"column":0},"end":{"line":89,"column":1}},"line":58},"2":{"name":"computeCombinedMetrics","decl":{"start":{"line":101,"column":7},"end":{"line":312,"column":1}},"loc":{"start":{"line":101,"column":7},"end":{"line":312,"column":1}},"line":101}},"f":{"0":1,"1":1,"2":9}}
,"C:\\Users\\domdd\\Documents\\GitHub\\algogators\\apps\\algolens-web\\src\\domain\\portfolio\\incubationUtils.ts": {"path":"C:\\Users\\domdd\\Documents\\GitHub\\algogators\\apps\\algolens-web\\src\\domain\\portfolio\\incubationUtils.ts","all":false,"statementMap":{"7":{"start":{"line":8,"column":0},"end":{"line":8,"column":42}},"9":{"start":{"line":10,"column":0},"end":{"line":10,"column":44}},"10":{"start":{"line":11,"column":0},"end":{"line":11,"column":22}},"11":{"start":{"line":12,"column":0},"end":{"line":12,"column":45}},"12":{"start":{"line":13,"column":0},"end":{"line":13,"column":11}},"13":{"start":{"line":14,"column":0},"end":{"line":14,"column":32}},"14":{"start":{"line":15,"column":0},"end":{"line":15,"column":52}},"15":{"start":{"line":16,"column":0},"end":{"line":16,"column":46}},"16":{"start":{"line":17,"column":0},"end":{"line":17,"column":1}},"18":{"start":{"line":19,"column":0},"end":{"line":19,"column":39}},"19":{"start":{"line":20,"column":0},"end":{"line":20,"column":22}},"20":{"start":{"line":21,"column":0},"end":{"line":21,"column":45}},"21":{"start":{"line":22,"column":0},"end":{"line":22,"column":11}},"22":{"start":{"line":23,"column":0},"end":{"line":23,"column":47}},"23":{"start":{"line":24,"column":0},"end":{"line":24,"column":1}},"25":{"start":{"line":26,"column":0},"end":{"line":26,"column":74}},"26":{"start":{"line":27,"column":0},"end":{"line":27,"column":26}},"28":{"start":{"line":29,"column":0},"end":{"line":29,"column":61}},"29":{"start":{"line":30,"column":0},"end":{"line":30,"column":50}},"31":{"start":{"line":32,"column":0},"end":{"line":32,"column":40}},"32":{"start":{"line":33,"column":0},"end":{"line":33,"column":20}},"33":{"start":{"line":34,"column":0},"end":{"line":34,"column":19}},"34":{"start":{"line":35,"column":0},"end":{"line":35,"column":19}},"35":{"start":{"line":36,"column":0},"end":{"line":36,"column":5}},"36":{"start":{"line":37,"column":0},"end":{"line":37,"column":1}},"38":{"start":{"line":39,"column":0},"end":{"line":39,"column":77}},"39":{"start":{"line":40,"column":0},"end":{"line":40,"column":57}},"41":{"start":{"line":42,"column":0},"end":{"line":42,"column":41}},"42":{"start":{"line":43,"column":0},"end":{"line":43,"column":22}},"43":{"start":{"line":44,"column":0},"end":{"line":44,"column":20}},"44":{"start":{"line":45,"column":0},"end":{"line":45,"column":29}},"45":{"start":{"line":46,"column":0},"end":{"line":46,"column":29}},"46":{"start":{"line":47,"column":0},"end":{"line":47,"column":19}},"47":{"start":{"line":48,"column":0},"end":{"line":48,"column":1}},"49":{"start":{"line":50,"column":0},"end":{"line":50,"column":72}},"50":{"start":{"line":51,"column":0},"end":{"line":51,"column":27}},"51":{"start":{"line":52,"column":0},"end":{"line":52,"column":41}},"52":{"start":{"line":53,"column":0},"end":{"line":53,"column":44}},"53":{"start":{"line":54,"column":0},"end":{"line":54,"column":3}},"55":{"start":{"line":56,"column":0},"end":{"line":56,"column":71}},"56":{"start":{"line":57,"column":0},"end":{"line":57,"column":52}},"57":{"start":{"line":58,"column":0},"end":{"line":58,"column":3}},"59":{"start":{"line":60,"column":0},"end":{"line":60,"column":26}},"60":{"start":{"line":61,"column":0},"end":{"line":61,"column":61}},"61":{"start":{"line":62,"column":0},"end":{"line":62,"column":3}},"63":{"start":{"line":64,"column":0},"end":{"line":64,"column":30}},"64":{"start":{"line":65,"column":0},"end":{"line":65,"column":61}},"65":{"start":{"line":66,"column":0},"end":{"line":66,"column":3}},"67":{"start":{"line":68,"column":0},"end":{"line":68,"column":20}},"68":{"start":{"line":69,"column":0},"end":{"line":69,"column":1}},"70":{"start":{"line":71,"column":0},"end":{"line":71,"column":68}},"71":{"start":{"line":72,"column":0},"end":{"line":72,"column":35}},"72":{"start":{"line":73,"column":0},"end":{"line":73,"column":42}},"73":{"start":{"line":74,"column":0},"end":{"line":74,"column":3}},"75":{"start":{"line":76,"column":0},"end":{"line":76,"column":32}},"76":{"start":{"line":77,"column":0},"end":{"line":77,"column":17}},"77":{"start":{"line":78,"column":0},"end":{"line":78,"column":45}},"78":{"start":{"line":79,"column":0},"end":{"line":79,"column":3}},"80":{"start":{"line":81,"column":0},"end":{"line":81,"column":28}},"81":{"start":{"line":82,"column":0},"end":{"line":82,"column":60}},"82":{"start":{"line":83,"column":0},"end":{"line":83,"column":3}},"84":{"start":{"line":85,"column":0},"end":{"line":85,"column":29}},"85":{"start":{"line":86,"column":0},"end":{"line":86,"column":60}},"86":{"start":{"line":87,"column":0},"end":{"line":87,"column":3}},"88":{"start":{"line":89,"column":0},"end":{"line":89,"column":20}},"89":{"start":{"line":90,"column":0},"end":{"line":90,"column":1}},"91":{"start":{"line":92,"column":0},"end":{"line":92,"column":72}},"92":{"start":{"line":93,"column":0},"end":{"line":93,"column":57}},"94":{"start":{"line":95,"column":0},"end":{"line":95,"column":41}},"95":{"start":{"line":96,"column":0},"end":{"line":96,"column":22}},"96":{"start":{"line":97,"column":0},"end":{"line":97,"column":20}},"97":{"start":{"line":98,"column":0},"end":{"line":98,"column":29}},"98":{"start":{"line":99,"column":0},"end":{"line":99,"column":29}},"99":{"start":{"line":100,"column":0},"end":{"line":100,"column":19}},"100":{"start":{"line":101,"column":0},"end":{"line":101,"column":1}},"102":{"start":{"line":103,"column":0},"end":{"line":103,"column":34}},"103":{"start":{"line":104,"column":0},"end":{"line":104,"column":22}},"104":{"start":{"line":105,"column":0},"end":{"line":105,"column":45}},"105":{"start":{"line":106,"column":0},"end":{"line":106,"column":12}},"106":{"start":{"line":107,"column":0},"end":{"line":107,"column":40}},"107":{"start":{"line":108,"column":0},"end":{"line":108,"column":1}},"109":{"start":{"line":110,"column":0},"end":{"line":110,"column":33}},"110":{"start":{"line":111,"column":0},"end":{"line":111,"column":22}},"111":{"start":{"line":112,"column":0},"end":{"line":112,"column":45}},"112":{"start":{"line":113,"column":0},"end":{"line":113,"column":12}},"113":{"start":{"line":114,"column":0},"end":{"line":114,"column":35}},"114":{"start":{"line":115,"column":0},"end":{"line":115,"column":1}}},"s":{"7":1,"9":1,"10":6,"11":6,"12":6,"13":6,"14":5,"15":5,"16":5,"18":1,"19":2,"20":2,"21":2,"22":2,"23":2,"25":1,"26":3,"28":3,"29":3,"31":1,"32":1,"33":1,"34":1,"35":1,"36":1,"38":1,"39":3,"41":1,"42":1,"43":1,"44":1,"45":1,"46":1,"47":1,"49":1,"50":3,"51":3,"52":1,"53":1,"55":3,"56":0,"57":0,"59":3,"60":1,"61":1,"63":3,"64":1,"65":1,"67":1,"68":1,"70":1,"71":2,"72":0,"73":0,"75":2,"76":2,"77":1,"78":1,"80":2,"81":0,"82":0,"84":2,"85":0,"86":0,"88":1,"89":1,"91":1,"92":1,"94":1,"95":1,"96":1,"97":1,"98":1,"99":1,"100":1,"102":1,"103":2,"104":2,"105":2,"106":2,"107":2,"109":1,"110":2,"111":2,"112":2,"113":2,"114":2},"branchMap":{"0":{"type":"branch","line":10,"loc":{"start":{"line":10,"column":7},"end":{"line":17,"column":1}},"locations":[{"start":{"line":10,"column":7},"end":{"line":17,"column":1}}]},"1":{"type":"branch","line":14,"loc":{"start":{"line":14,"column":23},"end":{"line":14,"column":32}},"locations":[{"start":{"line":14,"column":23},"end":{"line":14,"column":32}}]},"2":{"type":"branch","line":14,"loc":{"start":{"line":14,"column":30},"end":{"line":17,"column":1}},"locations":[{"start":{"line":14,"column":30},"end":{"line":17,"column":1}}]},"3":{"type":"branch","line":19,"loc":{"start":{"line":19,"column":7},"end":{"line":24,"column":1}},"locations":[{"start":{"line":19,"column":7},"end":{"line":24,"column":1}}]},"4":{"type":"branch","line":26,"loc":{"start":{"line":26,"column":7},"end":{"line":37,"column":1}},"locations":[{"start":{"line":26,"column":7},"end":{"line":37,"column":1}}]},"5":{"type":"branch","line":27,"loc":{"start":{"line":27,"column":13},"end":{"line":27,"column":26}},"locations":[{"start":{"line":27,"column":13},"end":{"line":27,"column":26}}]},"6":{"type":"branch","line":27,"loc":{"start":{"line":27,"column":20},"end":{"line":29,"column":56}},"locations":[{"start":{"line":27,"column":20},"end":{"line":29,"column":56}}]},"7":{"type":"branch","line":29,"loc":{"start":{"line":29,"column":52},"end":{"line":29,"column":61}},"locations":[{"start":{"line":29,"column":52},"end":{"line":29,"column":61}}]},"8":{"type":"branch","line":30,"loc":{"start":{"line":30,"column":33},"end":{"line":37,"column":1}},"locations":[{"start":{"line":30,"column":33},"end":{"line":37,"column":1}}]},"9":{"type":"branch","line":39,"loc":{"start":{"line":39,"column":7},"end":{"line":48,"column":1}},"locations":[{"start":{"line":39,"column":7},"end":{"line":48,"column":1}}]},"10":{"type":"branch","line":40,"loc":{"start":{"line":40,"column":16},"end":{"line":40,"column":45}},"locations":[{"start":{"line":40,"column":16},"end":{"line":40,"column":45}}]},"11":{"type":"branch","line":40,"loc":{"start":{"line":40,"column":45},"end":{"line":40,"column":57}},"locations":[{"start":{"line":40,"column":45},"end":{"line":40,"column":57}}]},"12":{"type":"branch","line":40,"loc":{"start":{"line":40,"column":52},"end":{"line":48,"column":1}},"locations":[{"start":{"line":40,"column":52},"end":{"line":48,"column":1}}]},"13":{"type":"branch","line":50,"loc":{"start":{"line":50,"column":7},"end":{"line":69,"column":1}},"locations":[{"start":{"line":50,"column":7},"end":{"line":69,"column":1}}]},"14":{"type":"branch","line":52,"loc":{"start":{"line":52,"column":40},"end":{"line":54,"column":3}},"locations":[{"start":{"line":52,"column":40},"end":{"line":54,"column":3}}]},"15":{"type":"branch","line":56,"loc":{"start":{"line":56,"column":70},"end":{"line":58,"column":3}},"locations":[{"start":{"line":56,"column":70},"end":{"line":58,"column":3}}]},"16":{"type":"branch","line":60,"loc":{"start":{"line":60,"column":25},"end":{"line":62,"column":3}},"locations":[{"start":{"line":60,"column":25},"end":{"line":62,"column":3}}]},"17":{"type":"branch","line":62,"loc":{"start":{"line":62,"column":2},"end":{"line":64,"column":29}},"locations":[{"start":{"line":62,"column":2},"end":{"line":64,"column":29}}]},"18":{"type":"branch","line":64,"loc":{"start":{"line":64,"column":29},"end":{"line":69,"column":1}},"locations":[{"start":{"line":64,"column":29},"end":{"line":69,"column":1}}]},"19":{"type":"branch","line":71,"loc":{"start":{"line":71,"column":7},"end":{"line":90,"column":1}},"locations":[{"start":{"line":71,"column":7},"end":{"line":90,"column":1}}]},"20":{"type":"branch","line":72,"loc":{"start":{"line":72,"column":34},"end":{"line":74,"column":3}},"locations":[{"start":{"line":72,"column":34},"end":{"line":74,"column":3}}]},"21":{"type":"branch","line":77,"loc":{"start":{"line":77,"column":16},"end":{"line":81,"column":27}},"locations":[{"start":{"line":77,"column":16},"end":{"line":81,"column":27}}]},"22":{"type":"branch","line":81,"loc":{"start":{"line":81,"column":27},"end":{"line":83,"column":3}},"locations":[{"start":{"line":81,"column":27},"end":{"line":83,"column":3}}]},"23":{"type":"branch","line":83,"loc":{"start":{"line":83,"column":2},"end":{"line":85,"column":28}},"locations":[{"start":{"line":83,"column":2},"end":{"line":85,"column":28}}]},"24":{"type":"branch","line":85,"loc":{"start":{"line":85,"column":28},"end":{"line":87,"column":3}},"locations":[{"start":{"line":85,"column":28},"end":{"line":87,"column":3}}]},"25":{"type":"branch","line":87,"loc":{"start":{"line":87,"column":2},"end":{"line":90,"column":1}},"locations":[{"start":{"line":87,"column":2},"end":{"line":90,"column":1}}]},"26":{"type":"branch","line":92,"loc":{"start":{"line":92,"column":7},"end":{"line":101,"column":1}},"locations":[{"start":{"line":92,"column":7},"end":{"line":101,"column":1}}]},"27":{"type":"branch","line":93,"loc":{"start":{"line":93,"column":45},"end":{"line":93,"column":57}},"locations":[{"start":{"line":93,"column":45},"end":{"line":93,"column":57}}]},"28":{"type":"branch","line":103,"loc":{"start":{"line":103,"column":7},"end":{"line":108,"column":1}},"locations":[{"start":{"line":103,"column":7},"end":{"line":108,"column":1}}]},"29":{"type":"branch","line":110,"loc":{"start":{"line":110,"column":7},"end":{"line":115,"column":1}},"locations":[{"start":{"line":110,"column":7},"end":{"line":115,"column":1}}]}},"b":{"0":[6],"1":[1],"2":[5],"3":[2],"4":[3],"5":[1],"6":[2],"7":[0],"8":[1],"9":[3],"10":[2],"11":[2],"12":[1],"13":[3],"14":[1],"15":[0],"16":[1],"17":[2],"18":[1],"19":[2],"20":[0],"21":[1],"22":[0],"23":[1],"24":[0],"25":[1],"26":[1],"27":[0],"28":[2],"29":[2]},"fnMap":{"0":{"name":"calculateIncubationProgress","decl":{"start":{"line":10,"column":7},"end":{"line":17,"column":1}},"loc":{"start":{"line":10,"column":7},"end":{"line":17,"column":1}},"line":10},"1":{"name":"calculateDaysRemaining","decl":{"start":{"line":19,"column":7},"end":{"line":24,"column":1}},"loc":{"start":{"line":19,"column":7},"end":{"line":24,"column":1}},"line":19},"2":{"name":"formatIncubationDate","decl":{"start":{"line":26,"column":7},"end":{"line":37,"column":1}},"loc":{"start":{"line":26,"column":7},"end":{"line":37,"column":1}},"line":26},"3":{"name":"formatMockCapital","decl":{"start":{"line":39,"column":7},"end":{"line":48,"column":1}},"loc":{"start":{"line":39,"column":7},"end":{"line":48,"column":1}},"line":39},"4":{"name":"validateMockCapital","decl":{"start":{"line":50,"column":7},"end":{"line":69,"column":1}},"loc":{"start":{"line":50,"column":7},"end":{"line":69,"column":1}},"line":50},"5":{"name":"validateReason","decl":{"start":{"line":71,"column":7},"end":{"line":90,"column":1}},"loc":{"start":{"line":71,"column":7},"end":{"line":90,"column":1}},"line":71},"6":{"name":"formatEquity","decl":{"start":{"line":92,"column":7},"end":{"line":101,"column":1}},"loc":{"start":{"line":92,"column":7},"end":{"line":101,"column":1}},"line":92},"7":{"name":"isNearEndOfWindow","decl":{"start":{"line":103,"column":7},"end":{"line":108,"column":1}},"loc":{"start":{"line":103,"column":7},"end":{"line":108,"column":1}},"line":103},"8":{"name":"isWindowComplete","decl":{"start":{"line":110,"column":7},"end":{"line":115,"column":1}},"loc":{"start":{"line":110,"column":7},"end":{"line":115,"column":1}},"line":110}},"f":{"0":6,"1":2,"2":3,"3":3,"4":3,"5":2,"6":1,"7":2,"8":2}}
,"C:\\Users\\domdd\\Documents\\GitHub\\algogators\\apps\\algolens-web\\src\\infrastructure\\api\\authApi.ts": {"path":"C:\\Users\\domdd\\Documents\\GitHub\\algogators\\apps\\algolens-web\\src\\infrastructure\\api\\authApi.ts","all":false,"statementMap":{"1":{"start":{"line":2,"column":0},"end":{"line":2,"column":44}},"3":{"start":{"line":4,"column":0},"end":{"line":4,"column":62}},"10":{"start":{"line":11,"column":0},"end":{"line":11,"column":70}},"11":{"start":{"line":12,"column":0},"end":{"line":12,"column":63}},"12":{"start":{"line":13,"column":0},"end":{"line":13,"column":18}},"13":{"start":{"line":14,"column":0},"end":{"line":14,"column":27}},"14":{"start":{"line":15,"column":0},"end":{"line":15,"column":5}},"16":{"start":{"line":17,"column":0},"end":{"line":17,"column":21}},"17":{"start":{"line":18,"column":0},"end":{"line":18,"column":51}},"18":{"start":{"line":19,"column":0},"end":{"line":19,"column":3}},"20":{"start":{"line":21,"column":0},"end":{"line":21,"column":51}},"21":{"start":{"line":22,"column":0},"end":{"line":22,"column":54}},"22":{"start":{"line":23,"column":0},"end":{"line":23,"column":1}},"24":{"start":{"line":25,"column":0},"end":{"line":25,"column":65}},"25":{"start":{"line":26,"column":0},"end":{"line":26,"column":66}},"26":{"start":{"line":27,"column":0},"end":{"line":27,"column":19}},"27":{"start":{"line":28,"column":0},"end":{"line":28,"column":27}},"28":{"start":{"line":29,"column":0},"end":{"line":29,"column":52}},"29":{"start":{"line":30,"column":0},"end":{"line":30,"column":5}},"31":{"start":{"line":32,"column":0},"end":{"line":32,"column":21}},"32":{"start":{"line":33,"column":0},"end":{"line":33,"column":51}},"33":{"start":{"line":34,"column":0},"end":{"line":34,"column":3}},"35":{"start":{"line":36,"column":0},"end":{"line":36,"column":51}},"36":{"start":{"line":37,"column":0},"end":{"line":37,"column":54}},"37":{"start":{"line":38,"column":0},"end":{"line":38,"column":1}},"39":{"start":{"line":40,"column":0},"end":{"line":40,"column":84}},"40":{"start":{"line":41,"column":0},"end":{"line":41,"column":62}},"41":{"start":{"line":42,"column":0},"end":{"line":42,"column":19}},"42":{"start":{"line":43,"column":0},"end":{"line":43,"column":60}},"43":{"start":{"line":44,"column":0},"end":{"line":44,"column":14}},"44":{"start":{"line":45,"column":0},"end":{"line":45,"column":41}},"45":{"start":{"line":46,"column":0},"end":{"line":46,"column":6}},"46":{"start":{"line":47,"column":0},"end":{"line":47,"column":46}},"47":{"start":{"line":48,"column":0},"end":{"line":48,"column":5}},"49":{"start":{"line":50,"column":0},"end":{"line":50,"column":21}},"50":{"start":{"line":51,"column":0},"end":{"line":51,"column":40}},"51":{"start":{"line":52,"column":0},"end":{"line":52,"column":67}},"52":{"start":{"line":53,"column":0},"end":{"line":53,"column":51}},"53":{"start":{"line":54,"column":0},"end":{"line":54,"column":3}},"55":{"start":{"line":56,"column":0},"end":{"line":56,"column":51}},"56":{"start":{"line":57,"column":0},"end":{"line":57,"column":19}},"57":{"start":{"line":58,"column":0},"end":{"line":58,"column":1}},"59":{"start":{"line":60,"column":0},"end":{"line":60,"column":38}},"60":{"start":{"line":61,"column":0},"end":{"line":61,"column":16}},"61":{"start":{"line":62,"column":0},"end":{"line":62,"column":19}},"62":{"start":{"line":63,"column":0},"end":{"line":63,"column":20}},"63":{"start":{"line":64,"column":0},"end":{"line":64,"column":18}},"64":{"start":{"line":65,"column":0},"end":{"line":65,"column":18}},"65":{"start":{"line":66,"column":0},"end":{"line":66,"column":65}},"66":{"start":{"line":67,"column":0},"end":{"line":67,"column":19}},"67":{"start":{"line":68,"column":0},"end":{"line":68,"column":60}},"68":{"start":{"line":69,"column":0},"end":{"line":69,"column":14}},"69":{"start":{"line":70,"column":0},"end":{"line":70,"column":41}},"70":{"start":{"line":71,"column":0},"end":{"line":71,"column":6}},"71":{"start":{"line":72,"column":0},"end":{"line":72,"column":26}},"72":{"start":{"line":73,"column":0},"end":{"line":73,"column":12}},"73":{"start":{"line":74,"column":0},"end":{"line":74,"column":15}},"74":{"start":{"line":75,"column":0},"end":{"line":75,"column":28}},"75":{"start":{"line":76,"column":0},"end":{"line":76,"column":26}},"76":{"start":{"line":77,"column":0},"end":{"line":77,"column":7}},"77":{"start":{"line":78,"column":0},"end":{"line":78,"column":5}},"79":{"start":{"line":80,"column":0},"end":{"line":80,"column":21}},"80":{"start":{"line":81,"column":0},"end":{"line":81,"column":40}},"81":{"start":{"line":82,"column":0},"end":{"line":82,"column":74}},"82":{"start":{"line":83,"column":0},"end":{"line":83,"column":58}},"83":{"start":{"line":84,"column":0},"end":{"line":84,"column":3}},"85":{"start":{"line":86,"column":0},"end":{"line":86,"column":51}},"86":{"start":{"line":87,"column":0},"end":{"line":87,"column":19}},"87":{"start":{"line":88,"column":0},"end":{"line":88,"column":1}},"89":{"start":{"line":90,"column":0},"end":{"line":90,"column":54}},"90":{"start":{"line":91,"column":0},"end":{"line":91,"column":46}},"91":{"start":{"line":92,"column":0},"end":{"line":92,"column":19}},"92":{"start":{"line":93,"column":0},"end":{"line":93,"column":27}},"93":{"start":{"line":94,"column":0},"end":{"line":94,"column":5}},"94":{"start":{"line":95,"column":0},"end":{"line":95,"column":1}}},"s":{"1":1,"3":1,"10":2,"11":2,"12":2,"13":2,"14":2,"16":2,"17":1,"18":1,"20":1,"21":1,"22":1,"24":2,"25":2,"26":2,"27":2,"28":2,"29":2,"31":2,"32":1,"33":1,"35":1,"36":1,"37":1,"39":3,"40":3,"41":3,"42":3,"43":3,"44":3,"45":3,"46":3,"47":3,"49":3,"50":2,"51":2,"52":2,"53":2,"55":1,"56":1,"57":1,"59":3,"60":3,"61":3,"62":3,"63":3,"64":3,"65":3,"66":3,"67":3,"68":3,"69":3,"70":3,"71":3,"72":3,"73":3,"74":3,"75":3,"76":3,"77":3,"79":3,"80":2,"81":2,"82":2,"83":2,"85":1,"86":1,"87":1,"89":1,"90":1,"91":1,"92":1,"93":1,"94":1},"branchMap":{"0":{"type":"branch","line":11,"loc":{"start":{"line":11,"column":0},"end":{"line":23,"column":1}},"locations":[{"start":{"line":11,"column":0},"end":{"line":23,"column":1}}]},"1":{"type":"branch","line":17,"loc":{"start":{"line":17,"column":20},"end":{"line":23,"column":1}},"locations":[{"start":{"line":17,"column":20},"end":{"line":23,"column":1}}]},"2":{"type":"branch","line":25,"loc":{"start":{"line":25,"column":0},"end":{"line":38,"column":1}},"locations":[{"start":{"line":25,"column":0},"end":{"line":38,"column":1}}]},"3":{"type":"branch","line":32,"loc":{"start":{"line":32,"column":20},"end":{"line":38,"column":1}},"locations":[{"start":{"line":32,"column":20},"end":{"line":38,"column":1}}]},"4":{"type":"branch","line":40,"loc":{"start":{"line":40,"column":0},"end":{"line":58,"column":1}},"locations":[{"start":{"line":40,"column":0},"end":{"line":58,"column":1}}]},"5":{"type":"branch","line":50,"loc":{"start":{"line":50,"column":20},"end":{"line":54,"column":3}},"locations":[{"start":{"line":50,"column":20},"end":{"line":54,"column":3}}]},"6":{"type":"branch","line":53,"loc":{"start":{"line":53,"column":26},"end":{"line":53,"column":49}},"locations":[{"start":{"line":53,"column":26},"end":{"line":53,"column":49}}]},"7":{"type":"branch","line":54,"loc":{"start":{"line":54,"column":2},"end":{"line":58,"column":1}},"locations":[{"start":{"line":54,"column":2},"end":{"line":58,"column":1}}]},"8":{"type":"branch","line":60,"loc":{"start":{"line":60,"column":0},"end":{"line":88,"column":1}},"locations":[{"start":{"line":60,"column":0},"end":{"line":88,"column":1}}]},"9":{"type":"branch","line":80,"loc":{"start":{"line":80,"column":20},"end":{"line":84,"column":3}},"locations":[{"start":{"line":80,"column":20},"end":{"line":84,"column":3}}]},"10":{"type":"branch","line":83,"loc":{"start":{"line":83,"column":26},"end":{"line":83,"column":56}},"locations":[{"start":{"line":83,"column":26},"end":{"line":83,"column":56}}]},"11":{"type":"branch","line":84,"loc":{"start":{"line":84,"column":2},"end":{"line":88,"column":1}},"locations":[{"start":{"line":84,"column":2},"end":{"line":88,"column":1}}]},"12":{"type":"branch","line":90,"loc":{"start":{"line":90,"column":0},"end":{"line":95,"column":1}},"locations":[{"start":{"line":90,"column":0},"end":{"line":95,"column":1}}]}},"b":{"0":[2],"1":[1],"2":[2],"3":[1],"4":[3],"5":[2],"6":[1],"7":[1],"8":[3],"9":[2],"10":[1],"11":[1],"12":[1]},"fnMap":{"0":{"name":"verifySessionRequest","decl":{"start":{"line":11,"column":0},"end":{"line":23,"column":1}},"loc":{"start":{"line":11,"column":0},"end":{"line":23,"column":1}},"line":11},"1":{"name":"devLoginRequest","decl":{"start":{"line":25,"column":0},"end":{"line":38,"column":1}},"loc":{"start":{"line":25,"column":0},"end":{"line":38,"column":1}},"line":25},"2":{"name":"loginRequest","decl":{"start":{"line":40,"column":0},"end":{"line":58,"column":1}},"loc":{"start":{"line":40,"column":0},"end":{"line":58,"column":1}},"line":40},"3":{"name":"registerRequest","decl":{"start":{"line":60,"column":0},"end":{"line":88,"column":1}},"loc":{"start":{"line":60,"column":0},"end":{"line":88,"column":1}},"line":60},"4":{"name":"logoutRequest","decl":{"start":{"line":90,"column":0},"end":{"line":95,"column":1}},"loc":{"start":{"line":90,"column":0},"end":{"line":95,"column":1}},"line":90}},"f":{"0":2,"1":2,"2":3,"3":3,"4":1}}
,"C:\\Users\\domdd\\Documents\\GitHub\\algogators\\apps\\algolens-web\\src\\infrastructure\\api\\httpClient.ts": {"path":"C:\\Users\\domdd\\Documents\\GitHub\\algogators\\apps\\algolens-web\\src\\infrastructure\\api\\httpClient.ts","all":false,"statementMap":{"0":{"start":{"line":1,"column":0},"end":{"line":1,"column":84}},"3":{"start":{"line":4,"column":0},"end":{"line":4,"column":34}},"4":{"start":{"line":5,"column":0},"end":{"line":5,"column":36}},"5":{"start":{"line":6,"column":0},"end":{"line":6,"column":34}},"8":{"start":{"line":9,"column":0},"end":{"line":9,"column":91}},"9":{"start":{"line":10,"column":0},"end":{"line":10,"column":45}},"10":{"start":{"line":11,"column":0},"end":{"line":11,"column":47}},"11":{"start":{"line":12,"column":0},"end":{"line":12,"column":27}},"12":{"start":{"line":13,"column":0},"end":{"line":13,"column":49}},"13":{"start":{"line":14,"column":0},"end":{"line":14,"column":10}},"14":{"start":{"line":15,"column":0},"end":{"line":15,"column":43}},"15":{"start":{"line":16,"column":0},"end":{"line":16,"column":3}},"16":{"start":{"line":17,"column":0},"end":{"line":17,"column":2}},"19":{"start":{"line":20,"column":0},"end":{"line":20,"column":55}},"20":{"start":{"line":21,"column":0},"end":{"line":21,"column":75}},"21":{"start":{"line":22,"column":0},"end":{"line":22,"column":45}},"22":{"start":{"line":23,"column":0},"end":{"line":23,"column":95}},"23":{"start":{"line":24,"column":0},"end":{"line":24,"column":57}},"24":{"start":{"line":25,"column":0},"end":{"line":25,"column":53}},"25":{"start":{"line":26,"column":0},"end":{"line":26,"column":49}},"28":{"start":{"line":29,"column":0},"end":{"line":29,"column":13}},"29":{"start":{"line":30,"column":0},"end":{"line":30,"column":48}},"30":{"start":{"line":31,"column":0},"end":{"line":31,"column":38}},"31":{"start":{"line":32,"column":0},"end":{"line":32,"column":100}},"32":{"start":{"line":33,"column":0},"end":{"line":33,"column":3}},"33":{"start":{"line":34,"column":0},"end":{"line":34,"column":84}},"34":{"start":{"line":35,"column":0},"end":{"line":35,"column":123}},"35":{"start":{"line":36,"column":0},"end":{"line":36,"column":3}},"36":{"start":{"line":37,"column":0},"end":{"line":37,"column":43}},"37":{"start":{"line":38,"column":0},"end":{"line":38,"column":107}},"38":{"start":{"line":39,"column":0},"end":{"line":39,"column":3}},"39":{"start":{"line":40,"column":0},"end":{"line":40,"column":1}},"41":{"start":{"line":42,"column":0},"end":{"line":42,"column":69}},"42":{"start":{"line":43,"column":0},"end":{"line":43,"column":54}},"47":{"start":{"line":48,"column":0},"end":{"line":48,"column":62}},"49":{"start":{"line":50,"column":0},"end":{"line":50,"column":7}},"50":{"start":{"line":51,"column":0},"end":{"line":51,"column":40}},"51":{"start":{"line":52,"column":0},"end":{"line":52,"column":39}},"52":{"start":{"line":53,"column":0},"end":{"line":53,"column":29}},"53":{"start":{"line":54,"column":0},"end":{"line":54,"column":16}},"54":{"start":{"line":55,"column":0},"end":{"line":55,"column":43}},"55":{"start":{"line":56,"column":0},"end":{"line":56,"column":8}},"56":{"start":{"line":57,"column":0},"end":{"line":57,"column":7}},"57":{"start":{"line":58,"column":0},"end":{"line":58,"column":63}},"59":{"start":{"line":60,"column":0},"end":{"line":60,"column":53}},"60":{"start":{"line":61,"column":0},"end":{"line":61,"column":78}},"61":{"start":{"line":62,"column":0},"end":{"line":62,"column":85}},"62":{"start":{"line":63,"column":0},"end":{"line":63,"column":73}},"65":{"start":{"line":66,"column":0},"end":{"line":66,"column":67}},"66":{"start":{"line":67,"column":0},"end":{"line":67,"column":44}},"67":{"start":{"line":68,"column":0},"end":{"line":68,"column":53}},"68":{"start":{"line":69,"column":0},"end":{"line":69,"column":60}},"69":{"start":{"line":70,"column":0},"end":{"line":70,"column":91}},"70":{"start":{"line":71,"column":0},"end":{"line":71,"column":44}},"71":{"start":{"line":72,"column":0},"end":{"line":72,"column":69}},"72":{"start":{"line":73,"column":0},"end":{"line":73,"column":95}},"73":{"start":{"line":74,"column":0},"end":{"line":74,"column":146}},"74":{"start":{"line":75,"column":0},"end":{"line":75,"column":5}},"76":{"start":{"line":77,"column":0},"end":{"line":77,"column":23}},"78":{"start":{"line":79,"column":0},"end":{"line":79,"column":63}},"79":{"start":{"line":80,"column":0},"end":{"line":80,"column":81}},"83":{"start":{"line":84,"column":0},"end":{"line":84,"column":40}},"84":{"start":{"line":85,"column":0},"end":{"line":85,"column":76}},"85":{"start":{"line":86,"column":0},"end":{"line":86,"column":7}},"88":{"start":{"line":89,"column":0},"end":{"line":89,"column":25}},"89":{"start":{"line":90,"column":0},"end":{"line":90,"column":11}},"90":{"start":{"line":91,"column":0},"end":{"line":91,"column":50}},"91":{"start":{"line":92,"column":0},"end":{"line":92,"column":58}},"92":{"start":{"line":93,"column":0},"end":{"line":93,"column":15}},"93":{"start":{"line":94,"column":0},"end":{"line":94,"column":58}},"94":{"start":{"line":95,"column":0},"end":{"line":95,"column":7}},"95":{"start":{"line":96,"column":0},"end":{"line":96,"column":107}},"96":{"start":{"line":97,"column":0},"end":{"line":97,"column":5}},"98":{"start":{"line":99,"column":0},"end":{"line":99,"column":20}},"99":{"start":{"line":100,"column":0},"end":{"line":100,"column":19}},"100":{"start":{"line":101,"column":0},"end":{"line":101,"column":48}},"101":{"start":{"line":102,"column":0},"end":{"line":102,"column":98}},"102":{"start":{"line":103,"column":0},"end":{"line":103,"column":93}},"104":{"start":{"line":105,"column":0},"end":{"line":105,"column":37}},"105":{"start":{"line":106,"column":0},"end":{"line":106,"column":72}},"108":{"start":{"line":109,"column":0},"end":{"line":109,"column":49}},"110":{"start":{"line":111,"column":0},"end":{"line":111,"column":82}},"111":{"start":{"line":112,"column":0},"end":{"line":112,"column":58}},"112":{"start":{"line":113,"column":0},"end":{"line":113,"column":41}},"113":{"start":{"line":114,"column":0},"end":{"line":114,"column":71}},"114":{"start":{"line":115,"column":0},"end":{"line":115,"column":76}},"115":{"start":{"line":116,"column":0},"end":{"line":116,"column":73}},"116":{"start":{"line":117,"column":0},"end":{"line":117,"column":74}},"117":{"start":{"line":118,"column":0},"end":{"line":118,"column":64}},"118":{"start":{"line":119,"column":0},"end":{"line":119,"column":68}},"119":{"start":{"line":120,"column":0},"end":{"line":120,"column":45}},"121":{"start":{"line":122,"column":0},"end":{"line":122,"column":155}},"122":{"start":{"line":123,"column":0},"end":{"line":123,"column":7}},"124":{"start":{"line":125,"column":0},"end":{"line":125,"column":36}},"125":{"start":{"line":126,"column":0},"end":{"line":126,"column":59}},"126":{"start":{"line":127,"column":0},"end":{"line":127,"column":122}},"127":{"start":{"line":128,"column":0},"end":{"line":128,"column":7}},"128":{"start":{"line":129,"column":0},"end":{"line":129,"column":5}},"130":{"start":{"line":131,"column":0},"end":{"line":131,"column":16}},"131":{"start":{"line":132,"column":0},"end":{"line":132,"column":3}},"132":{"start":{"line":133,"column":0},"end":{"line":133,"column":1}}},"s":{"0":1,"3":1,"4":1,"5":1,"8":1,"9":265,"10":265,"11":265,"12":32,"13":265,"14":233,"15":233,"16":265,"19":1,"20":1,"21":1,"22":1,"23":1,"24":1,"25":1,"28":1,"29":0,"30":0,"31":0,"32":0,"33":0,"34":0,"35":0,"36":0,"37":0,"38":0,"39":0,"41":10,"42":10,"47":10,"49":10,"50":10,"51":10,"52":10,"53":10,"54":10,"55":10,"56":10,"57":6,"59":6,"60":6,"61":6,"62":6,"65":10,"66":10,"67":1,"68":1,"69":1,"70":1,"71":1,"72":1,"73":1,"74":1,"76":10,"78":4,"79":2,"83":2,"84":2,"85":2,"88":2,"89":2,"90":2,"91":1,"92":1,"93":1,"94":1,"95":2,"96":2,"98":1,"99":10,"100":9,"101":9,"102":9,"104":9,"105":3,"108":3,"110":3,"111":1,"112":1,"113":1,"114":1,"115":1,"116":1,"117":1,"118":1,"119":1,"121":1,"122":1,"124":3,"125":1,"126":1,"127":1,"128":3,"130":7,"131":7,"132":10},"branchMap":{"0":{"type":"branch","line":29,"loc":{"start":{"line":29,"column":12},"end":{"line":40,"column":1}},"locations":[{"start":{"line":29,"column":12},"end":{"line":40,"column":1}}]},"1":{"type":"branch","line":9,"loc":{"start":{"line":9,"column":19},"end":{"line":17,"column":2}},"locations":[{"start":{"line":9,"column":19},"end":{"line":17,"column":2}}]},"2":{"type":"branch","line":12,"loc":{"start":{"line":12,"column":26},"end":{"line":14,"column":9}},"locations":[{"start":{"line":12,"column":26},"end":{"line":14,"column":9}}]},"3":{"type":"branch","line":14,"loc":{"start":{"line":14,"column":2},"end":{"line":16,"column":3}},"locations":[{"start":{"line":14,"column":2},"end":{"line":16,"column":3}}]},"4":{"type":"branch","line":42,"loc":{"start":{"line":42,"column":0},"end":{"line":133,"column":1}},"locations":[{"start":{"line":42,"column":0},"end":{"line":133,"column":1}}]},"5":{"type":"branch","line":57,"loc":{"start":{"line":57,"column":5},"end":{"line":66,"column":64}},"locations":[{"start":{"line":57,"column":5},"end":{"line":66,"column":64}}]},"6":{"type":"branch","line":66,"loc":{"start":{"line":66,"column":59},"end":{"line":66,"column":67}},"locations":[{"start":{"line":66,"column":59},"end":{"line":66,"column":67}}]},"7":{"type":"branch","line":67,"loc":{"start":{"line":67,"column":43},"end":{"line":75,"column":5}},"locations":[{"start":{"line":67,"column":43},"end":{"line":75,"column":5}}]},"8":{"type":"branch","line":75,"loc":{"start":{"line":75,"column":4},"end":{"line":77,"column":22}},"locations":[{"start":{"line":75,"column":4},"end":{"line":77,"column":22}}]},"9":{"type":"branch","line":77,"loc":{"start":{"line":77,"column":22},"end":{"line":97,"column":5}},"locations":[{"start":{"line":77,"column":22},"end":{"line":97,"column":5}}]},"10":{"type":"branch","line":79,"loc":{"start":{"line":79,"column":30},"end":{"line":79,"column":62}},"locations":[{"start":{"line":79,"column":30},"end":{"line":79,"column":62}}]},"11":{"type":"branch","line":79,"loc":{"start":{"line":79,"column":62},"end":{"line":91,"column":50}},"locations":[{"start":{"line":79,"column":62},"end":{"line":91,"column":50}}]},"12":{"type":"branch","line":91,"loc":{"start":{"line":91,"column":48},"end":{"line":95,"column":7}},"locations":[{"start":{"line":91,"column":48},"end":{"line":95,"column":7}}]},"13":{"type":"branch","line":95,"loc":{"start":{"line":95,"column":6},"end":{"line":97,"column":5}},"locations":[{"start":{"line":95,"column":6},"end":{"line":97,"column":5}}]},"14":{"type":"branch","line":97,"loc":{"start":{"line":97,"column":4},"end":{"line":100,"column":11}},"locations":[{"start":{"line":97,"column":4},"end":{"line":100,"column":11}}]},"15":{"type":"branch","line":100,"loc":{"start":{"line":100,"column":2},"end":{"line":132,"column":3}},"locations":[{"start":{"line":100,"column":2},"end":{"line":132,"column":3}}]},"16":{"type":"branch","line":102,"loc":{"start":{"line":102,"column":75},"end":{"line":102,"column":94}},"locations":[{"start":{"line":102,"column":75},"end":{"line":102,"column":94}}]},"17":{"type":"branch","line":103,"loc":{"start":{"line":103,"column":66},"end":{"line":103,"column":89}},"locations":[{"start":{"line":103,"column":66},"end":{"line":103,"column":89}}]},"18":{"type":"branch","line":105,"loc":{"start":{"line":105,"column":36},"end":{"line":129,"column":5}},"locations":[{"start":{"line":105,"column":36},"end":{"line":129,"column":5}}]},"19":{"type":"branch","line":111,"loc":{"start":{"line":111,"column":43},"end":{"line":111,"column":81}},"locations":[{"start":{"line":111,"column":43},"end":{"line":111,"column":81}}]},"20":{"type":"branch","line":111,"loc":{"start":{"line":111,"column":81},"end":{"line":123,"column":7}},"locations":[{"start":{"line":111,"column":81},"end":{"line":123,"column":7}}]},"21":{"type":"branch","line":123,"loc":{"start":{"line":123,"column":6},"end":{"line":125,"column":35}},"locations":[{"start":{"line":123,"column":6},"end":{"line":125,"column":35}}]},"22":{"type":"branch","line":125,"loc":{"start":{"line":125,"column":35},"end":{"line":128,"column":7}},"locations":[{"start":{"line":125,"column":35},"end":{"line":128,"column":7}}]},"23":{"type":"branch","line":129,"loc":{"start":{"line":129,"column":4},"end":{"line":132,"column":3}},"locations":[{"start":{"line":129,"column":4},"end":{"line":132,"column":3}}]}},"b":{"0":[0],"1":[265],"2":[32],"3":[233],"4":[10],"5":[6],"6":[0],"7":[1],"8":[5],"9":[4],"10":[3],"11":[2],"12":[1],"13":[2],"14":[1],"15":[9],"16":[0],"17":[0],"18":[3],"19":[2],"20":[1],"21":[2],"22":[1],"23":[7]},"fnMap":{"0":{"name":"log","decl":{"start":{"line":9,"column":19},"end":{"line":17,"column":2}},"loc":{"start":{"line":9,"column":19},"end":{"line":17,"column
[...]
art":{"line":114,"column":0},"end":{"line":114,"column":21}},"114":{"start":{"line":115,"column":0},"end":{"line":115,"column":50}},"115":{"start":{"line":116,"column":0},"end":{"line":116,"column":100}},"116":{"start":{"line":117,"column":0},"end":{"line":117,"column":95}},"118":{"start":{"line":119,"column":0},"end":{"line":119,"column":39}},"119":{"start":{"line":120,"column":0},"end":{"line":120,"column":74}},"122":{"start":{"line":123,"column":0},"end":{"line":123,"column":51}},"124":{"start":{"line":125,"column":0},"end":{"line":125,"column":84}},"125":{"start":{"line":126,"column":0},"end":{"line":126,"column":60}},"126":{"start":{"line":127,"column":0},"end":{"line":127,"column":43}},"127":{"start":{"line":128,"column":0},"end":{"line":128,"column":73}},"128":{"start":{"line":129,"column":0},"end":{"line":129,"column":78}},"129":{"start":{"line":130,"column":0},"end":{"line":130,"column":75}},"130":{"start":{"line":131,"column":0},"end":{"line":131,"column":76}},"131":{"start":{"line":132,"column":0},"end":{"line":132,"column":66}},"132":{"start":{"line":133,"column":0},"end":{"line":133,"column":70}},"133":{"start":{"line":134,"column":0},"end":{"line":134,"column":47}},"135":{"start":{"line":136,"column":0},"end":{"line":136,"column":157}},"136":{"start":{"line":137,"column":0},"end":{"line":137,"column":9}},"138":{"start":{"line":139,"column":0},"end":{"line":139,"column":38}},"139":{"start":{"line":140,"column":0},"end":{"line":140,"column":61}},"140":{"start":{"line":141,"column":0},"end":{"line":141,"column":124}},"141":{"start":{"line":142,"column":0},"end":{"line":142,"column":9}},"142":{"start":{"line":143,"column":0},"end":{"line":143,"column":7}},"144":{"start":{"line":145,"column":0},"end":{"line":145,"column":18}},"145":{"start":{"line":146,"column":0},"end":{"line":146,"column":5}},"146":{"start":{"line":147,"column":0},"end":{"line":147,"column":3}},"148":{"start":{"line":149,"column":0},"end":{"line":149,"column":67}},"149":{"start":{"line":150,"column":0},"end":{"line":150,"column":53}},"150":{"start":{"line":151,"column":0},"end":{"line":151,"column":67}},"151":{"start":{"line":152,"column":0},"end":{"line":152,"column":50}},"153":{"start":{"line":154,"column":0},"end":{"line":154,"column":51}},"154":{"start":{"line":155,"column":0},"end":{"line":155,"column":39}},"156":{"start":{"line":157,"column":0},"end":{"line":157,"column":53}},"157":{"start":{"line":158,"column":0},"end":{"line":158,"column":18}},"158":{"start":{"line":159,"column":0},"end":{"line":159,"column":22}},"159":{"start":{"line":160,"column":0},"end":{"line":160,"column":30}},"160":{"start":{"line":161,"column":0},"end":{"line":161,"column":38}},"161":{"start":{"line":162,"column":0},"end":{"line":162,"column":45}},"162":{"start":{"line":163,"column":0},"end":{"line":163,"column":55}},"163":{"start":{"line":164,"column":0},"end":{"line":164,"column":7}},"165":{"start":{"line":166,"column":0},"end":{"line":166,"column":16}},"166":{"start":{"line":167,"column":0},"end":{"line":167,"column":3}},"168":{"start":{"line":169,"column":0},"end":{"line":169,"column":56}},"169":{"start":{"line":170,"column":0},"end":{"line":170,"column":86}},"170":{"start":{"line":171,"column":0},"end":{"line":171,"column":39}},"171":{"start":{"line":172,"column":0},"end":{"line":172,"column":27}},"172":{"start":{"line":173,"column":0},"end":{"line":173,"column":3}},"174":{"start":{"line":175,"column":0},"end":{"line":175,"column":73}},"175":{"start":{"line":176,"column":0},"end":{"line":176,"column":86}},"176":{"start":{"line":177,"column":0},"end":{"line":177,"column":39}},"177":{"start":{"line":178,"column":0},"end":{"line":178,"column":44}},"178":{"start":{"line":179,"column":0},"end":{"line":179,"column":3}},"180":{"start":{"line":181,"column":0},"end":{"line":181,"column":93}},"181":{"start":{"line":182,"column":0},"end":{"line":182,"column":53}},"182":{"start":{"line":183,"column":0},"end":{"line":183,"column":111}},"183":{"start":{"line":184,"column":0},"end":{"line":184,"column":39}},"184":{"start":{"line":185,"column":0},"end":{"line":185,"column":12}},"185":{"start":{"line":186,"column":0},"end":{"line":186,"column":38}},"186":{"start":{"line":187,"column":0},"end":{"line":187,"column":44}},"187":{"start":{"line":188,"column":0},"end":{"line":188,"column":6}},"188":{"start":{"line":189,"column":0},"end":{"line":189,"column":3}},"190":{"start":{"line":191,"column":0},"end":{"line":191,"column":59}},"191":{"start":{"line":192,"column":0},"end":{"line":192,"column":52}},"194":{"start":{"line":195,"column":0},"end":{"line":195,"column":82}},"195":{"start":{"line":196,"column":0},"end":{"line":196,"column":96}},"197":{"start":{"line":198,"column":0},"end":{"line":198,"column":55}},"198":{"start":{"line":199,"column":0},"end":{"line":199,"column":59}},"199":{"start":{"line":200,"column":0},"end":{"line":200,"column":61}},"201":{"start":{"line":202,"column":0},"end":{"line":202,"column":56}},"202":{"start":{"line":203,"column":0},"end":{"line":203,"column":78}},"204":{"start":{"line":205,"column":0},"end":{"line":205,"column":63}},"205":{"start":{"line":206,"column":0},"end":{"line":206,"column":53}},"206":{"start":{"line":207,"column":0},"end":{"line":207,"column":5}},"209":{"start":{"line":210,"column":0},"end":{"line":210,"column":63}},"210":{"start":{"line":211,"column":0},"end":{"line":211,"column":53}},"211":{"start":{"line":212,"column":0},"end":{"line":212,"column":68}},"212":{"start":{"line":213,"column":0},"end":{"line":213,"column":97}},"213":{"start":{"line":214,"column":0},"end":{"line":214,"column":60}},"214":{"start":{"line":215,"column":0},"end":{"line":215,"column":67}},"215":{"start":{"line":216,"column":0},"end":{"line":216,"column":24}},"216":{"start":{"line":217,"column":0},"end":{"line":217,"column":8}},"217":{"start":{"line":218,"column":0},"end":{"line":218,"column":6}},"218":{"start":{"line":219,"column":0},"end":{"line":219,"column":63}},"221":{"start":{"line":222,"column":0},"end":{"line":222,"column":51}},"222":{"start":{"line":223,"column":0},"end":{"line":223,"column":77}},"223":{"start":{"line":224,"column":0},"end":{"line":224,"column":78}},"224":{"start":{"line":225,"column":0},"end":{"line":225,"column":51}},"225":{"start":{"line":226,"column":0},"end":{"line":226,"column":91}},"228":{"start":{"line":229,"column":0},"end":{"line":229,"column":50}},"229":{"start":{"line":230,"column":0},"end":{"line":230,"column":68}},"231":{"start":{"line":232,"column":0},"end":{"line":232,"column":20}},"232":{"start":{"line":233,"column":0},"end":{"line":233,"column":17}},"233":{"start":{"line":234,"column":0},"end":{"line":234,"column":20}},"234":{"start":{"line":235,"column":0},"end":{"line":235,"column":18}},"235":{"start":{"line":236,"column":0},"end":{"line":236,"column":25}},"236":{"start":{"line":237,"column":0},"end":{"line":237,"column":17}},"237":{"start":{"line":238,"column":0},"end":{"line":238,"column":21}},"238":{"start":{"line":239,"column":0},"end":{"line":239,"column":6}},"240":{"start":{"line":241,"column":0},"end":{"line":241,"column":55}},"241":{"start":{"line":242,"column":0},"end":{"line":242,"column":17}},"242":{"start":{"line":243,"column":0},"end":{"line":243,"column":20}},"243":{"start":{"line":244,"column":0},"end":{"line":244,"column":18}},"244":{"start":{"line":245,"column":0},"end":{"line":245,"column":25}},"245":{"start":{"line":246,"column":0},"end":{"line":246,"column":41}},"246":{"start":{"line":247,"column":0},"end":{"line":247,"column":50}},"247":{"start":{"line":248,"column":0},"end":{"line":248,"column":7}},"249":{"start":{"line":250,"column":0},"end":{"line":250,"column":18}},"250":{"start":{"line":251,"column":0},"end":{"line":251,"column":3}},"252":{"start":{"line":253,"column":0},"end":{"line":253,"column":89}},"253":{"start":{"line":254,"column":0},"end":{"line":254,"column":43}},"256":{"start":{"line":257,"column":0},"end":{"line":257,"column":46}},"259":{"start":{"line":260,"column":0},"end":{"line":260,"column":36}},"260":{"start":{"line":261,"column":0},"end":{"line":261,"column":48}},"261":{"start":{"line":262,"column":0},"end":{"line":262,"column":58}},"262":{"start":{"line":263,"column":0},"end":{"line":263,"column":60}},"263":{"start":{"line":264,"column":0},"end":{"line":264,"column":9}},"264":{"start":{"line":265,"column":0},"end":{"line":265,"column":7}},"267":{"start":{"line":268,"column":0},"end":{"line":268,"column":75}},"268":{"start":{"line":269,"column":0},"end":{"line":269,"column":48}},"269":{"start":{"line":270,"column":0},"end":{"line":270,"column":79}},"271":{"start":{"line":272,"column":0},"end":{"line":272,"column":22}},"272":{"start":{"line":273,"column":0},"end":{"line":273,"column":3}},"273":{"start":{"line":274,"column":0},"end":{"line":274,"column":1}}},"s":{"2":1,"4":1,"6":1,"7":3,"8":3,"11":3,"12":3,"13":3,"14":3,"15":2,"16":2,"17":2,"18":3,"19":1,"20":1,"23":3,"24":3,"25":3,"26":3,"27":2,"28":3,"29":1,"30":1,"33":3,"34":3,"35":3,"36":3,"37":3,"38":3,"39":3,"40":2,"41":3,"42":1,"43":1,"44":1,"45":1,"46":1,"47":1,"48":3,"49":1,"50":1,"52":3,"53":3,"55":1,"56":11,"61":11,"63":11,"64":11,"65":11,"66":11,"67":11,"68":11,"69":11,"70":11,"71":11,"73":11,"74":11,"75":11,"76":11,"79":11,"80":11,"81":0,"82":0,"83":0,"84":0,"85":0,"86":0,"87":0,"88":0,"90":11,"92":1,"93":0,"97":0,"98":0,"99":0,"102":1,"103":1,"104":1,"105":1,"106":1,"107":0,"108":0,"109":1,"110":1,"112":10,"113":11,"114":1,"115":1,"116":1,"118":1,"119":0,"122":0,"124":0,"125":0,"126":0,"127":0,"128":0,"129":0,"130":0,"131":0,"132":0,"133":0,"135":0,"136":0,"138":0,"139":0,"140":0,"141":0,"142":0,"144":1,"145":1,"146":11,"148":1,"149":3,"150":3,"151":3,"153":3,"154":3,"156":3,"157":3,"158":3,"159":3,"160":3,"161":3,"162":3,"163":3,"165":3,"166":3,"168":1,"169":2,"170":1,"171":1,"172":2,"174":1,"175":2,"176":2,"177":2,"178":2,"180":1,"181":2,"182":2,"183":2,"184":2,"185":2,"186":2,"187":2,"188":2,"190":1,"191":2,"194":2,"195":2,"197":2,"198":2,"199":2,"201":2,"202":2,"204":2,"205":1,"206":1,"209":2,"210":2,"211":2,"212":2,"213":2,"214":2,"215":2,"216":2,"217":2,"218":2,"221":2,"222":2,"223":2,"224":2,"225":2,"228":2,"229":2,"231":2,"232":2,"233":2,"234":2,"235":2,"236":2,"237":2,"238":2,"240":2,"241":2,"242":2,"243":2,"244":2,"245":2,"246":2,"247":2,"249":2,"250":2,"252":1,"253":2,"256":1,"259":1,"260":2,"261":3,"262":3,"263":2,"264":1,"267":1,"268":1,"269":1,"271":1,"272":2,"273":1},"branchMap":{"0":{"type":"branch","line":7,"loc":{"start":{"line":7,"column":2},"end":{"line":54,"column":3}},"locations":[{"start":{"line":7,"column":2},"end":{"line":54,"column":3}}]},"1":{"type":"branch","line":15,"loc":{"start":{"line":15,"column":63},"end":{"line":19,"column":13}},"locations":[{"start":{"line":15,"column":63},"end":{"line":19,"column":13}}]},"2":{"type":"branch","line":19,"loc":{"start":{"line":19,"column":4},"end":{"line":21,"column":5}},"locations":[{"start":{"line":19,"column":4},"end":{"line":21,"column":5}}]},"3":{"type":"branch","line":27,"loc":{"start":{"line":27,"column":65},"end":{"line":29,"column":13}},"locations":[{"start":{"line":27,"column":65},"end":{"line":29,"column":13}}]},"4":{"type":"branch","line":29,"loc":{"start":{"line":29,"column":4},"end":{"line":31,"column":5}},"locations":[{"start":{"line":29,"column":4},"end":{"line":31,"column":5}}]},"5":{"type":"branch","line":40,"loc":{"start":{"line":40,"column":7},"end":{"line":42,"column":23}},"locations":[{"start":{"line":40,"column":7},"end":{"line":42,"column":23}}]},"6":{"type":"branch","line":42,"loc":{"start":{"line":42,"column":23},"end":{"line":48,"column":7}},"locations":[{"start":{"line":42,"column":23},"end":{"line":48,"column":7}}]},"7":{"type":"branch","line":49,"loc":{"start":{"line":49,"column":4},"end":{"line":51,"column":5}},"locations":[{"start":{"line":49,"column":4},"end":{"line":51,"column":5}}]},"8":{"type":"branch","line":56,"loc":{"start":{"line":56,"column":2},"end":{"line":147,"column":3}},"locations":[{"start":{"line":56,"column":2},"end":{"line":147,"column":3}}]},"9":{"type":"branch","line":80,"loc":{"start":{"line":80,"column":61},"end":{"line":80,"column":69}},"locations":[{"start":{"line":80,"column":61},"end":{"line":80,"column":69}}]},"10":{"type":"branch","line":81,"loc":{"start":{"line":81,"column":45},"end":{"line":89,"column":7}},"locations":[{"start":{"line":81,"column":45},"end":{"line":89,"column":7}}]},"11":{"type":"branch","line":91,"loc":{"start":{"line":91,"column":24},"end":{"line":111,"column":7}},"locations":[{"start":{"line":91,"column":24},"end":{"line":111,"column":7}}]},"12":{"type":"branch","line":93,"loc":{"start":{"line":93,"column":64},"end":{"line":100,"column":9}},"locations":[{"start":{"line":93,"column":64},"end":{"line":100,"column":9}}]},"13":{"type":"branch","line":107,"loc":{"start":{"line":107,"column":8},"end":{"line":109,"column":9}},"locations":[{"start":{"line":107,"column":8},"end":{"line":109,"column":9}}]},"14":{"type":"branch","line":111,"loc":{"start":{"line":111,"column":6},"end":{"line":114,"column":13}},"locations":[{"start":{"line":111,"column":6},"end":{"line":114,"column":13}}]},"15":{"type":"branch","line":114,"loc":{"start":{"line":114,"column":4},"end":{"line":146,"column":5}},"locations":[{"start":{"line":114,"column":4},"end":{"line":146,"column":5}}]},"16":{"type":"branch","line":116,"loc":{"start":{"line":116,"column":77},"end":{"line":116,"column":96}},"locations":[{"start":{"line":116,"column":77},"end":{"line":116,"column":96}}]},"17":{"type":"branch","line":117,"loc":{"start":{"line":117,"column":68},"end":{"line":117,"column":91}},"locations":[{"start":{"line":117,"column":68},"end":{"line":117,"column":91}}]},"18":{"type":"branch","line":119,"loc":{"start":{"line":119,"column":38},"end":{"line":143,"column":7}},"locations":[{"start":{"line":119,"column":38},"end":{"line":143,"column":7}}]},"19":{"type":"branch","line":149,"loc":{"start":{"line":149,"column":2},"end":{"line":167,"column":3}},"locations":[{"start":{"line":149,"column":2},"end":{"line":167,"column":3}}]},"20":{"type":"branch","line":169,"loc":{"start":{"line":169,"column":2},"end":{"line":173,"column":3}},"locations":[{"start":{"line":169,"column":2},"end":{"line":173,"column":3}}]},"21":{"type":"branch","line":170,"loc":{"start":{"line":170,"column":84},"end":{"line":172,"column":27}},"locations":[{"start":{"line":170,"column":84},"end":{"line":172,"column":27}}]},"22":{"type":"branch","line":175,"loc":{"start":{"line":175,"column":2},"end":{"line":179,"column":3}},"locations":[{"start":{"line":175,"column":2},"end":{"line":179,"column":3}}]},"23":{"type":"branch","line":178,"loc":{"start":{"line":178,"column":16},"end":{"line":178,"column":44}},"locations":[{"start":{"line":178,"column":16},"end":{"line":178,"column":44}}]},"24":{"type":"branch","line":181,"loc":{"start":{"line":181,"column":2},"end":{"line":189,"column":3}},"locations":[{"start":{"line":181,"column":2},"end":{"line":189,"column":3}}]},"25":{"type":"branch","line":186,"loc":{"start":{"line":186,"column":22},"end":{"line":186,"column":38}},"locations":[{"start":{"line":186,"column":22},"end":{"line":186,"column":38}}]},"26":{"type":"branch","line":187,"loc":{"start":{"line":187,"column":25},"end":{"line":187,"column":44}},"locations":[{"start":{"line":187,"column":25},"end":{"line":187,"column":44}}]},"27":{"type":"branch","line":191,"loc":{"start":{"line":191,"column":2},"end":{"line":251,"column":3}},"locations":[{"start":{"line":191,"column":2},"end":{"line":251,"column":3}}]},"28":{"type":"branch","line":203,"loc":{"start":{"line":203,"column":44},"end":{"line":203,"column":55}},"locations":[{"start":{"line":203,"column":44},"end":{"line":203,"column":55}}]},"29":{"type":"branch","line":205,"loc":{"start":{"line":205,"column":62},"end":{"line":207,"column":5}},"locations":[{"start":{"line":205,"column":62},"end":{"line":207,"column":5}}]},"30":{"type":"branch","line":226,"loc":{"start":{"line":226,"column":47},"end":{"line":226,"column":89}},"locations":[{"start":{"line":226,"column":47},"end":{"line":226,"column":89}}]},"31":{"type":"branch","line":226,"loc":{"start":{"line":226,"column":83},"end":{"line":226,"column":91}},"locations":[{"start":{"line":226,"column":83},"end":{"line":226,"column":91}}]},"32":{"type":"branch","line":212,"loc":{"start":{"line":212,"column":28},"end":{"line":217,"column":7}},"locations":[{"start":{"line":212,"column":28},"end":{"line":217,"column":7}}]},"33":{"type":"branch","line":223,"loc":{"start":{"line":223,"column":44},"end":{"line":223,"column":74}},"locations":[{"start":{"line":223,"column":44},"end":{"line":223,"column":74}}]},"34":{"type":"branch","line":224,"loc":{"start":{"line":224,"column":41},"end":{"line":224,"column":75}},"locations":[{"start":{"line":224,"column":41},"end":{"line":224,"column":75}}]},"35":{"type":"branch","line":253,"loc":{"start":{"line":253,"column":17},"end":{"line":273,"column":3}},"locations":[{"start":{"line":253,"column":17},"end":{"line":273,"column":3}}]},"36":{"type":"branch","line":254,"loc":{"start":{"line":254,"column":33},"end":{"line":272,"column":22}},"locations":[{"start":{"line":254,"column":33},"end":{"line":272,"column":22}}]},"37":{"type":"branch","line":260,"loc":{"start":{"line":260,"column":23},"end":{"line":265,"column":5}},"locations":[{"start":{"line":260,"column":23},"end":{"line":265,"column":5}}]},"38":{"type":"branch","line":261,"loc":{"start":{"line":261,"column":38},"end":{"line":264,"column":7}},"locations":[{"start":{"line":261,"column":38},"end":{"line":264,"column":7}}]},"39":{"type":"branch","line":262,"loc":{"start":{"line":262,"column":51},"end":{"line":262,"column":58}},"locations":[{"start":{"line":262,"column":51},"end":{"line":262,"column":58}}]},"40":{"type":"branch","line":269,"loc":{"start":{"line":269,"column":11},"end":{"line":269,"column":47}},"locations":[{"start":{"line":269,"column":11},"end":{"line":269,"column":47}}]},"41":{"type":"branch","line":270,"loc":{"start":{"line":270,"column":12},"end":{"line":270,"column":77}},"locations":[{"start":{"line":270,"column":12},"end":{"line":270,"column":77}}]}},"b":{"0":[3],"1":[2],"2":[1],"3":[2],"4":[1],"5":[2],"6":[1],"7":[1],"8":[11],"9":[0],"10":[0],"11":[1],"12":[0],"13":[0],"14":[10],"15":[1],"16":[0],"17":[0],"18":[0],"19":[3],"20":[2],"21":[1],"22":[2],"23":[1],"24":[2],"25":[1],"26":[1],"27":[2],"28":[1],"29":[1],"30":[1],"31":[1],"32":[2],"33":[2],"34":[2],"35":[2],"36":[1],"37":[2],"38":[3],"39":[2],"40":[2],"41":[1]},"fnMap":{"0":{"name":"testConnectivity","decl":{"start":{"line":7,"column":2},"end":{"line":54,"column":3}},"loc":{"start":{"line":7,"column":2},"end":{"line":54,"column":3}},"line":7},"1":{"name":"fetchWithAuth","decl":{"start":{"line":56,"column":2},"end":{"line":147,"column":3}},"loc":{"start":{"line":56,"column":2},"end":{"line":147,"column":3}},"line":56},"2":{"name":"getStrategy","decl":{"start":{"line":149,"column":2},"end":{"line":167,"column":3}},"loc":{"start":{"line":149,"column":2},"end":{"line":167,"column":3}},"line":149},"3":{"name":"getAllStrategies","decl":{"start":{"line":169,"column":2},"end":{"line":173,"column":3}},"loc":{"start":{"line":169,"column":2},"end":{"line":173,"column":3}},"line":169},"4":{"name":"getIncubationStrategies","decl":{"start":{"line":175,"column":2},"end":{"line":179,"column":3}},"loc":{"start":{"line":175,"column":2},"end":{"line":179,"column":3}},"line":175},"5":{"name":"getIncubationPerformance","decl":{"start":{"line":181,"column":2},"end":{"line":189,"column":3}},"loc":{"start":{"line":181,"column":2},"end":{"line":189,"column":3}},"line":181},"6":{"name":"getPortfolioData","decl":{"start":{"line":191,"column":2},"end":{"line":251,"column":3}},"loc":{"start":{"line":191,"column":2},"end":{"line":251,"column":3}},"line":191},"7":{"name":"aggregateHistoricalData","decl":{"start":{"line":253,"column":17},"end":{"line":273,"column":3}},"loc":{"start":{"line":253,"column":17},"end":{"line":273,"column":3}},"line":253}},"f":{"0":3,"1":11,"2":3,"3":2,"4":2,"5":2,"6":2,"7":2}}
}
